[2026-03-08T04:29:04.653+0000] {local_task_job_runner.py:120} INFO - ::group::Pre task execution logs
[2026-03-08T04:29:04.665+0000] {taskinstance.py:2076} INFO - Dependencies all met for dep_context=non-requeueable deps ti=<TaskInstance: produce_json.get_playlist_id manual__2026-03-08T04:29:03.184872+00:00 [queued]>
[2026-03-08T04:29:04.669+0000] {taskinstance.py:2076} INFO - Dependencies all met for dep_context=requeueable deps ti=<TaskInstance: produce_json.get_playlist_id manual__2026-03-08T04:29:03.184872+00:00 [queued]>
[2026-03-08T04:29:04.669+0000] {taskinstance.py:2306} INFO - Starting attempt 1 of 1
[2026-03-08T04:29:04.675+0000] {taskinstance.py:2330} INFO - Executing <Task(_PythonDecoratedOperator): get_playlist_id> on 2026-03-08 04:29:03.184872+00:00
[2026-03-08T04:29:04.678+0000] {standard_task_runner.py:63} INFO - Started process 85 to run task
[2026-03-08T04:29:04.680+0000] {standard_task_runner.py:90} INFO - Running: ['airflow', 'tasks', 'run', 'produce_json', 'get_playlist_id', 'manual__2026-03-08T04:29:03.184872+00:00', '--job-id', '9', '--raw', '--subdir', 'DAGS_FOLDER/main.py', '--cfg-path', '/tmp/tmpja1mopvp']
[2026-03-08T04:29:04.681+0000] {standard_task_runner.py:91} INFO - Job 9: Subtask get_playlist_id
[2026-03-08T04:29:04.702+0000] {task_command.py:426} INFO - Running <TaskInstance: produce_json.get_playlist_id manual__2026-03-08T04:29:03.184872+00:00 [running]> on host 3b15c9b65140
[2026-03-08T04:29:04.736+0000] {taskinstance.py:2648} INFO - Exporting env vars: AIRFLOW_CTX_DAG_OWNER='airflow' AIRFLOW_CTX_DAG_ID='produce_json' AIRFLOW_CTX_TASK_ID='get_playlist_id' AIRFLOW_CTX_EXECUTION_DATE='2026-03-08T04:29:03.184872+00:00' AIRFLOW_CTX_TRY_NUMBER='1' AIRFLOW_CTX_DAG_RUN_ID='manual__2026-03-08T04:29:03.184872+00:00'
[2026-03-08T04:29:04.736+0000] {taskinstance.py:430} INFO - ::endgroup::
[2026-03-08T04:29:05.318+0000] {video_status.py:27} ERROR - YouTube API error: {'error': {'code': 400, 'message': 'API key not valid. Please pass a valid API key.', 'errors': [{'message': 'API key not valid. Please pass a valid API key.', 'domain': 'global', 'reason': 'badRequest'}], 'status': 'INVALID_ARGUMENT', 'details': [{'@type': 'type.googleapis.com/google.rpc.ErrorInfo', 'reason': 'API_KEY_INVALID', 'domain': 'googleapis.com', 'metadata': {'service': 'youtube.googleapis.com'}}, {'@type': 'type.googleapis.com/google.rpc.LocalizedMessage', 'locale': 'en-US', 'message': 'API key not valid. Please pass a valid API key.'}]}}
[2026-03-08T04:29:05.319+0000] {taskinstance.py:441} INFO - ::group::Post task execution logs
[2026-03-08T04:29:05.320+0000] {taskinstance.py:2905} ERROR - Task failed with exception
Traceback (most recent call last):
  File "/home/airflow/.local/lib/python3.10/site-packages/airflow/models/taskinstance.py", line 465, in _execute_task
    result = _execute_callable(context=context, **execute_callable_kwargs)
  File "/home/airflow/.local/lib/python3.10/site-packages/airflow/models/taskinstance.py", line 432, in _execute_callable
    return execute_callable(context=context, **execute_callable_kwargs)
  File "/home/airflow/.local/lib/python3.10/site-packages/airflow/models/baseoperator.py", line 401, in wrapper
    return func(self, *args, **kwargs)
  File "/home/airflow/.local/lib/python3.10/site-packages/airflow/decorators/base.py", line 265, in execute
    return_value = super().execute(context)
  File "/home/airflow/.local/lib/python3.10/site-packages/airflow/models/baseoperator.py", line 401, in wrapper
    return func(self, *args, **kwargs)
  File "/home/airflow/.local/lib/python3.10/site-packages/airflow/operators/python.py", line 235, in execute
    return_value = self.execute_callable()
  File "/home/airflow/.local/lib/python3.10/site-packages/airflow/operators/python.py", line 252, in execute_callable
    return self.python_callable(*self.op_args, **self.op_kwargs)
  File "/opt/airflow/dags/api/video_status.py", line 36, in get_playlist_id
    raise e
  File "/opt/airflow/dags/api/video_status.py", line 30, in get_playlist_id
    response.raise_for_status()
  File "/home/airflow/.local/lib/python3.10/site-packages/requests/models.py", line 1026, in raise_for_status
    raise HTTPError(http_error_msg, response=self)
requests.exceptions.HTTPError: 400 Client Error: Bad Request for url: https://youtube.googleapis.com/youtube/v3/channels?part=contentDetails&forHandle=MrBeast&key=***
[2026-03-08T04:29:05.328+0000] {taskinstance.py:1206} INFO - Marking task as FAILED. dag_id=produce_json, task_id=get_playlist_id, run_id=manual__2026-03-08T04:29:03.184872+00:00, execution_date=20260308T042903, start_date=20260308T042904, end_date=20260308T042905
[2026-03-08T04:29:05.332+0000] {standard_task_runner.py:110} ERROR - Failed to execute job 9 for task get_playlist_id (400 Client Error: Bad Request for url: https://youtube.googleapis.com/youtube/v3/channels?part=contentDetails&forHandle=MrBeast&key=***; 85)
[2026-03-08T04:29:05.376+0000] {local_task_job_runner.py:240} INFO - Task exited with return code 1
[2026-03-08T04:29:05.389+0000] {taskinstance.py:3503} INFO - 0 downstream tasks scheduled from follow-on schedule check
[2026-03-08T04:29:05.391+0000] {local_task_job_runner.py:222} INFO - ::endgroup::
