[2026-03-08T04:43:59.938+0000] {local_task_job_runner.py:120} INFO - ::group::Pre task execution logs
[2026-03-08T04:43:59.949+0000] {taskinstance.py:2076} INFO - Dependencies all met for dep_context=non-requeueable deps ti=<TaskInstance: produce_json.extract_video_data manual__2026-03-08T04:42:38.949209+00:00 [queued]>
[2026-03-08T04:43:59.952+0000] {taskinstance.py:2076} INFO - Dependencies all met for dep_context=requeueable deps ti=<TaskInstance: produce_json.extract_video_data manual__2026-03-08T04:42:38.949209+00:00 [queued]>
[2026-03-08T04:43:59.953+0000] {taskinstance.py:2306} INFO - Starting attempt 1 of 1
[2026-03-08T04:43:59.957+0000] {taskinstance.py:2330} INFO - Executing <Task(_PythonDecoratedOperator): extract_video_data> on 2026-03-08 04:42:38.949209+00:00
[2026-03-08T04:43:59.959+0000] {standard_task_runner.py:63} INFO - Started process 82 to run task
[2026-03-08T04:43:59.961+0000] {standard_task_runner.py:90} INFO - Running: ['airflow', 'tasks', 'run', 'produce_json', 'extract_video_data', 'manual__2026-03-08T04:42:38.949209+00:00', '--job-id', '22', '--raw', '--subdir', 'DAGS_FOLDER/main.py', '--cfg-path', '/tmp/tmpfcgmsjoq']
[2026-03-08T04:43:59.962+0000] {standard_task_runner.py:91} INFO - Job 22: Subtask extract_video_data
[2026-03-08T04:43:59.983+0000] {task_command.py:426} INFO - Running <TaskInstance: produce_json.extract_video_data manual__2026-03-08T04:42:38.949209+00:00 [running]> on host f9f186cb2eb1
[2026-03-08T04:44:00.022+0000] {taskinstance.py:2648} INFO - Exporting env vars: AIRFLOW_CTX_DAG_OWNER='airflow' AIRFLOW_CTX_DAG_ID='produce_json' AIRFLOW_CTX_TASK_ID='extract_video_data' AIRFLOW_CTX_EXECUTION_DATE='2026-03-08T04:42:38.949209+00:00' AIRFLOW_CTX_TRY_NUMBER='1' AIRFLOW_CTX_DAG_RUN_ID='manual__2026-03-08T04:42:38.949209+00:00'
[2026-03-08T04:44:00.022+0000] {taskinstance.py:430} INFO - ::endgroup::
[2026-03-08T04:44:04.252+0000] {taskinstance.py:441} INFO - ::group::Post task execution logs
[2026-03-08T04:44:04.253+0000] {taskinstance.py:2905} ERROR - Task failed with exception
Traceback (most recent call last):
  File "/home/airflow/.local/lib/python3.10/site-packages/airflow/models/taskinstance.py", line 465, in _execute_task
    result = _execute_callable(context=context, **execute_callable_kwargs)
  File "/home/airflow/.local/lib/python3.10/site-packages/airflow/models/taskinstance.py", line 432, in _execute_callable
    return execute_callable(context=context, **execute_callable_kwargs)
  File "/home/airflow/.local/lib/python3.10/site-packages/airflow/models/baseoperator.py", line 401, in wrapper
    return func(self, *args, **kwargs)
  File "/home/airflow/.local/lib/python3.10/site-packages/airflow/decorators/base.py", line 265, in execute
    return_value = super().execute(context)
  File "/home/airflow/.local/lib/python3.10/site-packages/airflow/models/baseoperator.py", line 401, in wrapper
    return func(self, *args, **kwargs)
  File "/home/airflow/.local/lib/python3.10/site-packages/airflow/operators/python.py", line 235, in execute
    return_value = self.execute_callable()
  File "/home/airflow/.local/lib/python3.10/site-packages/airflow/operators/python.py", line 252, in execute_callable
    return self.python_callable(*self.op_args, **self.op_kwargs)
  File "/opt/airflow/dags/api/video_status.py", line 94, in extract_video_data
    "commentCount": statistics["commentCount"]
KeyError: 'commentCount'
[2026-03-08T04:44:04.258+0000] {taskinstance.py:1206} INFO - Marking task as FAILED. dag_id=produce_json, task_id=extract_video_data, run_id=manual__2026-03-08T04:42:38.949209+00:00, execution_date=20260308T044238, start_date=20260308T044359, end_date=20260308T044404
[2026-03-08T04:44:04.264+0000] {standard_task_runner.py:110} ERROR - Failed to execute job 22 for task extract_video_data ('commentCount'; 82)
[2026-03-08T04:44:04.296+0000] {local_task_job_runner.py:240} INFO - Task exited with return code 1
[2026-03-08T04:44:04.308+0000] {taskinstance.py:3503} INFO - 0 downstream tasks scheduled from follow-on schedule check
[2026-03-08T04:44:04.310+0000] {local_task_job_runner.py:222} INFO - ::endgroup::
