[2026-03-08T04:19:40.572+0000] {local_task_job_runner.py:120} INFO - ::group::Pre task execution logs
[2026-03-08T04:19:40.585+0000] {taskinstance.py:2076} INFO - Dependencies all met for dep_context=non-requeueable deps ti=<TaskInstance: produce_json.get_playlist_id scheduled__2026-03-06T05:00:00+00:00 [queued]>
[2026-03-08T04:19:40.590+0000] {taskinstance.py:2076} INFO - Dependencies all met for dep_context=requeueable deps ti=<TaskInstance: produce_json.get_playlist_id scheduled__2026-03-06T05:00:00+00:00 [queued]>
[2026-03-08T04:19:40.591+0000] {taskinstance.py:2306} INFO - Starting attempt 1 of 1
[2026-03-08T04:19:40.598+0000] {taskinstance.py:2330} INFO - Executing <Task(_PythonDecoratedOperator): get_playlist_id> on 2026-03-06 05:00:00+00:00
[2026-03-08T04:19:40.601+0000] {standard_task_runner.py:63} INFO - Started process 72 to run task
[2026-03-08T04:19:40.604+0000] {standard_task_runner.py:90} INFO - Running: ['airflow', 'tasks', 'run', 'produce_json', 'get_playlist_id', 'scheduled__2026-03-06T05:00:00+00:00', '--job-id', '6', '--raw', '--subdir', 'DAGS_FOLDER/main.py', '--cfg-path', '/tmp/tmpujny1l2l']
[2026-03-08T04:19:40.605+0000] {standard_task_runner.py:91} INFO - Job 6: Subtask get_playlist_id
[2026-03-08T04:19:40.636+0000] {task_command.py:426} INFO - Running <TaskInstance: produce_json.get_playlist_id scheduled__2026-03-06T05:00:00+00:00 [running]> on host 60a076d5c437
[2026-03-08T04:19:40.679+0000] {taskinstance.py:2648} INFO - Exporting env vars: AIRFLOW_CTX_DAG_OWNER='airflow' AIRFLOW_CTX_DAG_ID='produce_json' AIRFLOW_CTX_TASK_ID='get_playlist_id' AIRFLOW_CTX_EXECUTION_DATE='2026-03-06T05:00:00+00:00' AIRFLOW_CTX_TRY_NUMBER='1' AIRFLOW_CTX_DAG_RUN_ID='scheduled__2026-03-06T05:00:00+00:00'
[2026-03-08T04:19:40.680+0000] {taskinstance.py:430} INFO - ::endgroup::
[2026-03-08T04:19:41.205+0000] {taskinstance.py:441} INFO - ::group::Post task execution logs
[2026-03-08T04:19:41.207+0000] {taskinstance.py:2905} ERROR - Task failed with exception
Traceback (most recent call last):
  File "/home/airflow/.local/lib/python3.10/site-packages/airflow/models/taskinstance.py", line 465, in _execute_task
    result = _execute_callable(context=context, **execute_callable_kwargs)
  File "/home/airflow/.local/lib/python3.10/site-packages/airflow/models/taskinstance.py", line 432, in _execute_callable
    return execute_callable(context=context, **execute_callable_kwargs)
  File "/home/airflow/.local/lib/python3.10/site-packages/airflow/models/baseoperator.py", line 401, in wrapper
    return func(self, *args, **kwargs)
  File "/home/airflow/.local/lib/python3.10/site-packages/airflow/decorators/base.py", line 265, in execute
    return_value = super().execute(context)
  File "/home/airflow/.local/lib/python3.10/site-packages/airflow/models/baseoperator.py", line 401, in wrapper
    return func(self, *args, **kwargs)
  File "/home/airflow/.local/lib/python3.10/site-packages/airflow/operators/python.py", line 235, in execute
    return_value = self.execute_callable()
  File "/home/airflow/.local/lib/python3.10/site-packages/airflow/operators/python.py", line 252, in execute_callable
    return self.python_callable(*self.op_args, **self.op_kwargs)
  File "/opt/airflow/dags/api/video_status.py", line 29, in get_playlist_id
    raise e
  File "/opt/airflow/dags/api/video_status.py", line 23, in get_playlist_id
    response.raise_for_status()
  File "/home/airflow/.local/lib/python3.10/site-packages/requests/models.py", line 1026, in raise_for_status
    raise HTTPError(http_error_msg, response=self)
requests.exceptions.HTTPError: 400 Client Error: Bad Request for url: https://youtube.googleapis.com/youtube/v3/channels?part=contentDetails&forHandle=MrBeast&key=***
[2026-03-08T04:19:41.222+0000] {taskinstance.py:1206} INFO - Marking task as FAILED. dag_id=produce_json, task_id=get_playlist_id, run_id=scheduled__2026-03-06T05:00:00+00:00, execution_date=20260306T050000, start_date=20260308T041940, end_date=20260308T041941
[2026-03-08T04:19:41.235+0000] {standard_task_runner.py:110} ERROR - Failed to execute job 6 for task get_playlist_id (400 Client Error: Bad Request for url: https://youtube.googleapis.com/youtube/v3/channels?part=contentDetails&forHandle=MrBeast&key=***; 72)
[2026-03-08T04:19:41.280+0000] {local_task_job_runner.py:240} INFO - Task exited with return code 1
[2026-03-08T04:19:41.302+0000] {taskinstance.py:3503} INFO - 0 downstream tasks scheduled from follow-on schedule check
[2026-03-08T04:19:41.306+0000] {local_task_job_runner.py:222} INFO - ::endgroup::
