[2026-03-01T04:33:54.226+0000] {manager.py:470} INFO - Processing files using up to 2 processes at a time 
[2026-03-01T04:33:54.229+0000] {manager.py:471} INFO - Process each file at most once every 30 seconds
[2026-03-01T04:33:54.230+0000] {manager.py:472} INFO - Checking for new files in /opt/airflow/dags every 300 seconds
[2026-03-01T04:33:54.230+0000] {manager.py:737} INFO - Searching for files in /opt/airflow/dags
[2026-03-01T04:33:54.235+0000] {manager.py:740} INFO - There are 0 files in /opt/airflow/dags
[2026-03-01T04:34:24.147+0000] {manager.py:452} INFO - Exiting gracefully upon receiving signal 15
[2026-03-01T04:34:50.785+0000] {manager.py:470} INFO - Processing files using up to 2 processes at a time 
[2026-03-01T04:34:50.785+0000] {manager.py:471} INFO - Process each file at most once every 30 seconds
[2026-03-01T04:34:50.786+0000] {manager.py:472} INFO - Checking for new files in /opt/airflow/dags every 300 seconds
[2026-03-01T04:34:50.786+0000] {manager.py:737} INFO - Searching for files in /opt/airflow/dags
[2026-03-01T04:34:50.789+0000] {manager.py:740} INFO - There are 0 files in /opt/airflow/dags
[2026-03-01T04:37:17.988+0000] {manager.py:452} INFO - Exiting gracefully upon receiving signal 15
[2026-03-01T04:42:48.662+0000] {manager.py:470} INFO - Processing files using up to 2 processes at a time 
[2026-03-01T04:42:48.664+0000] {manager.py:471} INFO - Process each file at most once every 30 seconds
[2026-03-01T04:42:48.665+0000] {manager.py:472} INFO - Checking for new files in /opt/airflow/dags every 300 seconds
[2026-03-01T04:42:48.665+0000] {manager.py:737} INFO - Searching for files in /opt/airflow/dags
[2026-03-01T04:42:48.673+0000] {manager.py:740} INFO - There are 0 files in /opt/airflow/dags
[2026-03-01T04:47:49.327+0000] {manager.py:737} INFO - Searching for files in /opt/airflow/dags
[2026-03-01T04:47:49.338+0000] {manager.py:740} INFO - There are 1 files in /opt/airflow/dags
[2026-03-01T04:47:51.405+0000] {manager.py:878} INFO - 
================================================================================
DAG File Processing Stats

File Path                  PID    Runtime      # DAGs    # Errors  Last Runtime    Last Run
-------------------------  -----  ---------  --------  ----------  --------------  -------------------
/opt/airflow/dags/main.py                           0           1  0.05s           2026-03-01T04:47:49
================================================================================
[2026-03-01T04:48:21.800+0000] {manager.py:878} INFO - 
================================================================================
DAG File Processing Stats

File Path                  PID    Runtime      # DAGs    # Errors  Last Runtime    Last Run
-------------------------  -----  ---------  --------  ----------  --------------  -------------------
/opt/airflow/dags/main.py                           0           1  0.04s           2026-03-01T04:48:13
================================================================================
[2026-03-01T04:48:52.102+0000] {manager.py:878} INFO - 
================================================================================
DAG File Processing Stats

File Path                  PID    Runtime      # DAGs    # Errors  Last Runtime    Last Run
-------------------------  -----  ---------  --------  ----------  --------------  -------------------
/opt/airflow/dags/main.py                           1           0  0.08s           2026-03-01T04:48:45
================================================================================
[2026-03-01T04:49:22.397+0000] {manager.py:878} INFO - 
================================================================================
DAG File Processing Stats

File Path                  PID    Runtime      # DAGs    # Errors  Last Runtime    Last Run
-------------------------  -----  ---------  --------  ----------  --------------  -------------------
/opt/airflow/dags/main.py                           1           0  0.09s           2026-03-01T04:49:07
================================================================================
[2026-03-01T04:49:52.823+0000] {manager.py:878} INFO - 
================================================================================
DAG File Processing Stats

File Path                  PID    Runtime      # DAGs    # Errors  Last Runtime    Last Run
-------------------------  -----  ---------  --------  ----------  --------------  -------------------
/opt/airflow/dags/main.py                           1           0  0.09s           2026-03-01T04:49:48
================================================================================
