[2026-03-08T04:13:01.631+0000] {processor.py:161} INFO - Started process (PID=41) to work on /opt/airflow/dags/main.py
[2026-03-08T04:13:01.633+0000] {processor.py:830} INFO - Processing file /opt/airflow/dags/main.py for tasks to queue
[2026-03-08T04:13:01.636+0000] {logging_mixin.py:188} INFO - [2026-03-08T04:13:01.636+0000] {dagbag.py:545} INFO - Filling up the DagBag from /opt/airflow/dags/main.py
[2026-03-08T04:13:01.708+0000] {processor.py:840} INFO - DAG(s) 'produce_json' retrieved from /opt/airflow/dags/main.py
[2026-03-08T04:13:01.924+0000] {logging_mixin.py:188} INFO - [2026-03-08T04:13:01.923+0000] {dag.py:3096} INFO - Sync 1 DAGs
[2026-03-08T04:13:01.951+0000] {logging_mixin.py:188} INFO - [2026-03-08T04:13:01.951+0000] {dag.py:3954} INFO - Setting next_dagrun for produce_json to 2026-03-06 05:00:00+00:00, run_after=2026-03-07 05:00:00+00:00
[2026-03-08T04:13:01.974+0000] {processor.py:183} INFO - Processing /opt/airflow/dags/main.py took 0.348 seconds
[2026-03-08T04:13:32.188+0000] {processor.py:161} INFO - Started process (PID=47) to work on /opt/airflow/dags/main.py
[2026-03-08T04:13:32.189+0000] {processor.py:830} INFO - Processing file /opt/airflow/dags/main.py for tasks to queue
[2026-03-08T04:13:32.191+0000] {logging_mixin.py:188} INFO - [2026-03-08T04:13:32.191+0000] {dagbag.py:545} INFO - Filling up the DagBag from /opt/airflow/dags/main.py
[2026-03-08T04:13:32.218+0000] {processor.py:840} INFO - DAG(s) 'produce_json' retrieved from /opt/airflow/dags/main.py
[2026-03-08T04:13:32.245+0000] {logging_mixin.py:188} INFO - [2026-03-08T04:13:32.245+0000] {dag.py:3096} INFO - Sync 1 DAGs
[2026-03-08T04:13:32.259+0000] {logging_mixin.py:188} INFO - [2026-03-08T04:13:32.258+0000] {dag.py:3954} INFO - Setting next_dagrun for produce_json to 2026-03-06 05:00:00+00:00, run_after=2026-03-07 05:00:00+00:00
[2026-03-08T04:13:32.269+0000] {processor.py:183} INFO - Processing /opt/airflow/dags/main.py took 0.088 seconds
[2026-03-08T04:14:02.405+0000] {processor.py:161} INFO - Started process (PID=54) to work on /opt/airflow/dags/main.py
[2026-03-08T04:14:02.405+0000] {processor.py:830} INFO - Processing file /opt/airflow/dags/main.py for tasks to queue
[2026-03-08T04:14:02.406+0000] {logging_mixin.py:188} INFO - [2026-03-08T04:14:02.406+0000] {dagbag.py:545} INFO - Filling up the DagBag from /opt/airflow/dags/main.py
[2026-03-08T04:14:02.421+0000] {processor.py:840} INFO - DAG(s) 'produce_json' retrieved from /opt/airflow/dags/main.py
[2026-03-08T04:14:02.437+0000] {logging_mixin.py:188} INFO - [2026-03-08T04:14:02.436+0000] {dag.py:3096} INFO - Sync 1 DAGs
[2026-03-08T04:14:02.449+0000] {logging_mixin.py:188} INFO - [2026-03-08T04:14:02.449+0000] {dag.py:3954} INFO - Setting next_dagrun for produce_json to 2026-03-06 05:00:00+00:00, run_after=2026-03-07 05:00:00+00:00
[2026-03-08T04:14:02.457+0000] {processor.py:183} INFO - Processing /opt/airflow/dags/main.py took 0.057 seconds
[2026-03-08T04:14:28.668+0000] {processor.py:161} INFO - Started process (PID=61) to work on /opt/airflow/dags/main.py
[2026-03-08T04:14:28.669+0000] {processor.py:830} INFO - Processing file /opt/airflow/dags/main.py for tasks to queue
[2026-03-08T04:14:28.672+0000] {logging_mixin.py:188} INFO - [2026-03-08T04:14:28.671+0000] {dagbag.py:545} INFO - Filling up the DagBag from /opt/airflow/dags/main.py
[2026-03-08T04:14:28.690+0000] {processor.py:840} INFO - DAG(s) 'produce_json' retrieved from /opt/airflow/dags/main.py
[2026-03-08T04:14:28.744+0000] {logging_mixin.py:188} INFO - [2026-03-08T04:14:28.743+0000] {dag.py:3096} INFO - Sync 1 DAGs
[2026-03-08T04:14:28.754+0000] {logging_mixin.py:188} INFO - [2026-03-08T04:14:28.754+0000] {dag.py:3954} INFO - Setting next_dagrun for produce_json to 2026-03-06 05:00:00+00:00, run_after=2026-03-07 05:00:00+00:00
[2026-03-08T04:14:28.764+0000] {processor.py:183} INFO - Processing /opt/airflow/dags/main.py took 0.107 seconds
[2026-03-08T04:14:34.718+0000] {processor.py:161} INFO - Started process (PID=62) to work on /opt/airflow/dags/main.py
[2026-03-08T04:14:34.718+0000] {processor.py:830} INFO - Processing file /opt/airflow/dags/main.py for tasks to queue
[2026-03-08T04:14:34.720+0000] {logging_mixin.py:188} INFO - [2026-03-08T04:14:34.719+0000] {dagbag.py:545} INFO - Filling up the DagBag from /opt/airflow/dags/main.py
[2026-03-08T04:14:34.739+0000] {logging_mixin.py:188} INFO - [2026-03-08T04:14:34.738+0000] {dagbag.py:355} ERROR - Failed to import: /opt/airflow/dags/main.py
Traceback (most recent call last):
  File "/home/airflow/.local/lib/python3.10/site-packages/airflow/models/dagbag.py", line 351, in parse
    loader.exec_module(new_module)
  File "<frozen importlib._bootstrap_external>", line 883, in exec_module
  File "<frozen importlib._bootstrap>", line 241, in _call_with_frames_removed
  File "/opt/airflow/dags/main.py", line 39, in <module>
    playlist_id >> video_id >> data >> json
NameError: name 'video_id' is not defined
[2026-03-08T04:14:34.739+0000] {processor.py:842} WARNING - No viable dags retrieved from /opt/airflow/dags/main.py
[2026-03-08T04:14:34.750+0000] {processor.py:183} INFO - Processing /opt/airflow/dags/main.py took 0.036 seconds
[2026-03-08T04:14:43.808+0000] {processor.py:161} INFO - Started process (PID=69) to work on /opt/airflow/dags/main.py
[2026-03-08T04:14:43.809+0000] {processor.py:830} INFO - Processing file /opt/airflow/dags/main.py for tasks to queue
[2026-03-08T04:14:43.810+0000] {logging_mixin.py:188} INFO - [2026-03-08T04:14:43.810+0000] {dagbag.py:545} INFO - Filling up the DagBag from /opt/airflow/dags/main.py
[2026-03-08T04:14:43.826+0000] {logging_mixin.py:188} INFO - [2026-03-08T04:14:43.825+0000] {dagbag.py:355} ERROR - Failed to import: /opt/airflow/dags/main.py
Traceback (most recent call last):
  File "/home/airflow/.local/lib/python3.10/site-packages/airflow/models/dagbag.py", line 351, in parse
    loader.exec_module(new_module)
  File "<frozen importlib._bootstrap_external>", line 883, in exec_module
  File "<frozen importlib._bootstrap>", line 241, in _call_with_frames_removed
  File "/opt/airflow/dags/main.py", line 39, in <module>
    playlist_id >> video_ids >> video_data >> save_to_json
  File "/home/airflow/.local/lib/python3.10/site-packages/airflow/models/taskmixin.py", line 104, in __rshift__
    self.set_downstream(other)
  File "/home/airflow/.local/lib/python3.10/site-packages/airflow/models/xcom_arg.py", line 157, in set_downstream
    operator.set_downstream(task_or_task_list, edge_modifier)
  File "/home/airflow/.local/lib/python3.10/site-packages/airflow/models/taskmixin.py", line 262, in set_downstream
    self._set_relatives(task_or_task_list, upstream=False, edge_modifier=edge_modifier)
  File "/home/airflow/.local/lib/python3.10/site-packages/airflow/models/taskmixin.py", line 214, in _set_relatives
    task_object.update_relative(self, not upstream, edge_modifier=edge_modifier)
AttributeError: '_TaskDecorator' object has no attribute 'update_relative'
[2026-03-08T04:14:43.826+0000] {processor.py:842} WARNING - No viable dags retrieved from /opt/airflow/dags/main.py
[2026-03-08T04:14:43.835+0000] {processor.py:183} INFO - Processing /opt/airflow/dags/main.py took 0.032 seconds
[2026-03-08T04:15:14.123+0000] {processor.py:161} INFO - Started process (PID=76) to work on /opt/airflow/dags/main.py
[2026-03-08T04:15:14.124+0000] {processor.py:830} INFO - Processing file /opt/airflow/dags/main.py for tasks to queue
[2026-03-08T04:15:14.126+0000] {logging_mixin.py:188} INFO - [2026-03-08T04:15:14.126+0000] {dagbag.py:545} INFO - Filling up the DagBag from /opt/airflow/dags/main.py
[2026-03-08T04:15:14.146+0000] {logging_mixin.py:188} INFO - [2026-03-08T04:15:14.146+0000] {dagbag.py:355} ERROR - Failed to import: /opt/airflow/dags/main.py
Traceback (most recent call last):
  File "/home/airflow/.local/lib/python3.10/site-packages/airflow/models/dagbag.py", line 351, in parse
    loader.exec_module(new_module)
  File "<frozen importlib._bootstrap_external>", line 883, in exec_module
  File "<frozen importlib._bootstrap>", line 241, in _call_with_frames_removed
  File "/opt/airflow/dags/main.py", line 39, in <module>
    playlist_id >> video_ids >> video_data >> save_to_json
  File "/home/airflow/.local/lib/python3.10/site-packages/airflow/models/taskmixin.py", line 104, in __rshift__
    self.set_downstream(other)
  File "/home/airflow/.local/lib/python3.10/site-packages/airflow/models/xcom_arg.py", line 157, in set_downstream
    operator.set_downstream(task_or_task_list, edge_modifier)
  File "/home/airflow/.local/lib/python3.10/site-packages/airflow/models/taskmixin.py", line 262, in set_downstream
    self._set_relatives(task_or_task_list, upstream=False, edge_modifier=edge_modifier)
  File "/home/airflow/.local/lib/python3.10/site-packages/airflow/models/taskmixin.py", line 214, in _set_relatives
    task_object.update_relative(self, not upstream, edge_modifier=edge_modifier)
AttributeError: '_TaskDecorator' object has no attribute 'update_relative'
[2026-03-08T04:15:14.147+0000] {processor.py:842} WARNING - No viable dags retrieved from /opt/airflow/dags/main.py
[2026-03-08T04:15:14.157+0000] {processor.py:183} INFO - Processing /opt/airflow/dags/main.py took 0.039 seconds
[2026-03-08T04:15:44.388+0000] {processor.py:161} INFO - Started process (PID=83) to work on /opt/airflow/dags/main.py
[2026-03-08T04:15:44.389+0000] {processor.py:830} INFO - Processing file /opt/airflow/dags/main.py for tasks to queue
[2026-03-08T04:15:44.392+0000] {logging_mixin.py:188} INFO - [2026-03-08T04:15:44.391+0000] {dagbag.py:545} INFO - Filling up the DagBag from /opt/airflow/dags/main.py
[2026-03-08T04:15:44.424+0000] {logging_mixin.py:188} INFO - [2026-03-08T04:15:44.423+0000] {dagbag.py:355} ERROR - Failed to import: /opt/airflow/dags/main.py
Traceback (most recent call last):
  File "/home/airflow/.local/lib/python3.10/site-packages/airflow/models/dagbag.py", line 351, in parse
    loader.exec_module(new_module)
  File "<frozen importlib._bootstrap_external>", line 883, in exec_module
  File "<frozen importlib._bootstrap>", line 241, in _call_with_frames_removed
  File "/opt/airflow/dags/main.py", line 39, in <module>
    playlist_id >> video_ids >> video_data >> save_to_json
  File "/home/airflow/.local/lib/python3.10/site-packages/airflow/models/taskmixin.py", line 104, in __rshift__
    self.set_downstream(other)
  File "/home/airflow/.local/lib/python3.10/site-packages/airflow/models/xcom_arg.py", line 157, in set_downstream
    operator.set_downstream(task_or_task_list, edge_modifier)
  File "/home/airflow/.local/lib/python3.10/site-packages/airflow/models/taskmixin.py", line 262, in set_downstream
    self._set_relatives(task_or_task_list, upstream=False, edge_modifier=edge_modifier)
  File "/home/airflow/.local/lib/python3.10/site-packages/airflow/models/taskmixin.py", line 214, in _set_relatives
    task_object.update_relative(self, not upstream, edge_modifier=edge_modifier)
AttributeError: '_TaskDecorator' object has no attribute 'update_relative'
[2026-03-08T04:15:44.424+0000] {processor.py:842} WARNING - No viable dags retrieved from /opt/airflow/dags/main.py
[2026-03-08T04:15:44.438+0000] {processor.py:183} INFO - Processing /opt/airflow/dags/main.py took 0.057 seconds
[2026-03-08T04:16:14.639+0000] {processor.py:161} INFO - Started process (PID=90) to work on /opt/airflow/dags/main.py
[2026-03-08T04:16:14.640+0000] {processor.py:830} INFO - Processing file /opt/airflow/dags/main.py for tasks to queue
[2026-03-08T04:16:14.640+0000] {logging_mixin.py:188} INFO - [2026-03-08T04:16:14.640+0000] {dagbag.py:545} INFO - Filling up the DagBag from /opt/airflow/dags/main.py
[2026-03-08T04:16:14.656+0000] {logging_mixin.py:188} INFO - [2026-03-08T04:16:14.655+0000] {dagbag.py:355} ERROR - Failed to import: /opt/airflow/dags/main.py
Traceback (most recent call last):
  File "/home/airflow/.local/lib/python3.10/site-packages/airflow/models/dagbag.py", line 351, in parse
    loader.exec_module(new_module)
  File "<frozen importlib._bootstrap_external>", line 883, in exec_module
  File "<frozen importlib._bootstrap>", line 241, in _call_with_frames_removed
  File "/opt/airflow/dags/main.py", line 39, in <module>
    playlist_id >> video_ids >> video_data >> save_to_json
  File "/home/airflow/.local/lib/python3.10/site-packages/airflow/models/taskmixin.py", line 104, in __rshift__
    self.set_downstream(other)
  File "/home/airflow/.local/lib/python3.10/site-packages/airflow/models/xcom_arg.py", line 157, in set_downstream
    operator.set_downstream(task_or_task_list, edge_modifier)
  File "/home/airflow/.local/lib/python3.10/site-packages/airflow/models/taskmixin.py", line 262, in set_downstream
    self._set_relatives(task_or_task_list, upstream=False, edge_modifier=edge_modifier)
  File "/home/airflow/.local/lib/python3.10/site-packages/airflow/models/taskmixin.py", line 214, in _set_relatives
    task_object.update_relative(self, not upstream, edge_modifier=edge_modifier)
AttributeError: '_TaskDecorator' object has no attribute 'update_relative'
[2026-03-08T04:16:14.656+0000] {processor.py:842} WARNING - No viable dags retrieved from /opt/airflow/dags/main.py
[2026-03-08T04:16:14.666+0000] {processor.py:183} INFO - Processing /opt/airflow/dags/main.py took 0.032 seconds
[2026-03-08T04:16:44.889+0000] {processor.py:161} INFO - Started process (PID=96) to work on /opt/airflow/dags/main.py
[2026-03-08T04:16:44.890+0000] {processor.py:830} INFO - Processing file /opt/airflow/dags/main.py for tasks to queue
[2026-03-08T04:16:44.891+0000] {logging_mixin.py:188} INFO - [2026-03-08T04:16:44.891+0000] {dagbag.py:545} INFO - Filling up the DagBag from /opt/airflow/dags/main.py
[2026-03-08T04:16:44.924+0000] {logging_mixin.py:188} INFO - [2026-03-08T04:16:44.922+0000] {dagbag.py:355} ERROR - Failed to import: /opt/airflow/dags/main.py
Traceback (most recent call last):
  File "/home/airflow/.local/lib/python3.10/site-packages/airflow/models/dagbag.py", line 351, in parse
    loader.exec_module(new_module)
  File "<frozen importlib._bootstrap_external>", line 883, in exec_module
  File "<frozen importlib._bootstrap>", line 241, in _call_with_frames_removed
  File "/opt/airflow/dags/main.py", line 39, in <module>
    playlist_id >> video_ids >> video_data >> save_to_json
  File "/home/airflow/.local/lib/python3.10/site-packages/airflow/models/taskmixin.py", line 104, in __rshift__
    self.set_downstream(other)
  File "/home/airflow/.local/lib/python3.10/site-packages/airflow/models/xcom_arg.py", line 157, in set_downstream
    operator.set_downstream(task_or_task_list, edge_modifier)
  File "/home/airflow/.local/lib/python3.10/site-packages/airflow/models/taskmixin.py", line 262, in set_downstream
    self._set_relatives(task_or_task_list, upstream=False, edge_modifier=edge_modifier)
  File "/home/airflow/.local/lib/python3.10/site-packages/airflow/models/taskmixin.py", line 214, in _set_relatives
    task_object.update_relative(self, not upstream, edge_modifier=edge_modifier)
AttributeError: '_TaskDecorator' object has no attribute 'update_relative'
[2026-03-08T04:16:44.924+0000] {processor.py:842} WARNING - No viable dags retrieved from /opt/airflow/dags/main.py
[2026-03-08T04:16:44.938+0000] {processor.py:183} INFO - Processing /opt/airflow/dags/main.py took 0.058 seconds
[2026-03-08T04:17:07.123+0000] {processor.py:161} INFO - Started process (PID=103) to work on /opt/airflow/dags/main.py
[2026-03-08T04:17:07.124+0000] {processor.py:830} INFO - Processing file /opt/airflow/dags/main.py for tasks to queue
[2026-03-08T04:17:07.127+0000] {logging_mixin.py:188} INFO - [2026-03-08T04:17:07.125+0000] {dagbag.py:545} INFO - Filling up the DagBag from /opt/airflow/dags/main.py
[2026-03-08T04:17:07.167+0000] {processor.py:840} INFO - DAG(s) 'produce_json' retrieved from /opt/airflow/dags/main.py
[2026-03-08T04:17:07.237+0000] {logging_mixin.py:188} INFO - [2026-03-08T04:17:07.237+0000] {dag.py:3096} INFO - Sync 1 DAGs
[2026-03-08T04:17:07.251+0000] {logging_mixin.py:188} INFO - [2026-03-08T04:17:07.251+0000] {dag.py:3954} INFO - Setting next_dagrun for produce_json to 2026-03-06 05:00:00+00:00, run_after=2026-03-07 05:00:00+00:00
[2026-03-08T04:17:07.266+0000] {processor.py:183} INFO - Processing /opt/airflow/dags/main.py took 0.149 seconds
[2026-03-08T04:17:37.380+0000] {processor.py:161} INFO - Started process (PID=110) to work on /opt/airflow/dags/main.py
[2026-03-08T04:17:37.381+0000] {processor.py:830} INFO - Processing file /opt/airflow/dags/main.py for tasks to queue
[2026-03-08T04:17:37.382+0000] {logging_mixin.py:188} INFO - [2026-03-08T04:17:37.382+0000] {dagbag.py:545} INFO - Filling up the DagBag from /opt/airflow/dags/main.py
[2026-03-08T04:17:37.416+0000] {processor.py:840} INFO - DAG(s) 'produce_json' retrieved from /opt/airflow/dags/main.py
[2026-03-08T04:17:37.437+0000] {logging_mixin.py:188} INFO - [2026-03-08T04:17:37.437+0000] {dag.py:3096} INFO - Sync 1 DAGs
[2026-03-08T04:17:37.450+0000] {logging_mixin.py:188} INFO - [2026-03-08T04:17:37.450+0000] {dag.py:3954} INFO - Setting next_dagrun for produce_json to 2026-03-06 05:00:00+00:00, run_after=2026-03-07 05:00:00+00:00
[2026-03-08T04:17:37.459+0000] {processor.py:183} INFO - Processing /opt/airflow/dags/main.py took 0.087 seconds
[2026-03-08T04:18:07.653+0000] {processor.py:161} INFO - Started process (PID=117) to work on /opt/airflow/dags/main.py
[2026-03-08T04:18:07.654+0000] {processor.py:830} INFO - Processing file /opt/airflow/dags/main.py for tasks to queue
[2026-03-08T04:18:07.655+0000] {logging_mixin.py:188} INFO - [2026-03-08T04:18:07.655+0000] {dagbag.py:545} INFO - Filling up the DagBag from /opt/airflow/dags/main.py
[2026-03-08T04:18:07.681+0000] {processor.py:840} INFO - DAG(s) 'produce_json' retrieved from /opt/airflow/dags/main.py
[2026-03-08T04:18:07.704+0000] {logging_mixin.py:188} INFO - [2026-03-08T04:18:07.704+0000] {dag.py:3096} INFO - Sync 1 DAGs
[2026-03-08T04:18:07.717+0000] {logging_mixin.py:188} INFO - [2026-03-08T04:18:07.717+0000] {dag.py:3954} INFO - Setting next_dagrun for produce_json to 2026-03-06 05:00:00+00:00, run_after=2026-03-07 05:00:00+00:00
[2026-03-08T04:18:07.726+0000] {processor.py:183} INFO - Processing /opt/airflow/dags/main.py took 0.078 seconds
[2026-03-08T04:19:00.228+0000] {processor.py:161} INFO - Started process (PID=41) to work on /opt/airflow/dags/main.py
[2026-03-08T04:19:00.233+0000] {processor.py:830} INFO - Processing file /opt/airflow/dags/main.py for tasks to queue
[2026-03-08T04:19:00.237+0000] {logging_mixin.py:188} INFO - [2026-03-08T04:19:00.237+0000] {dagbag.py:545} INFO - Filling up the DagBag from /opt/airflow/dags/main.py
[2026-03-08T04:19:00.297+0000] {processor.py:840} INFO - DAG(s) 'produce_json' retrieved from /opt/airflow/dags/main.py
[2026-03-08T04:19:00.460+0000] {logging_mixin.py:188} INFO - [2026-03-08T04:19:00.460+0000] {dag.py:3096} INFO - Sync 1 DAGs
[2026-03-08T04:19:00.474+0000] {logging_mixin.py:188} INFO - [2026-03-08T04:19:00.474+0000] {dag.py:3954} INFO - Setting next_dagrun for produce_json to 2026-03-06 05:00:00+00:00, run_after=2026-03-07 05:00:00+00:00
[2026-03-08T04:19:00.489+0000] {processor.py:183} INFO - Processing /opt/airflow/dags/main.py took 0.271 seconds
[2026-03-08T04:19:08.878+0000] {processor.py:161} INFO - Started process (PID=36) to work on /opt/airflow/dags/main.py
[2026-03-08T04:19:08.880+0000] {processor.py:830} INFO - Processing file /opt/airflow/dags/main.py for tasks to queue
[2026-03-08T04:19:08.881+0000] {logging_mixin.py:188} INFO - [2026-03-08T04:19:08.881+0000] {dagbag.py:545} INFO - Filling up the DagBag from /opt/airflow/dags/main.py
[2026-03-08T04:19:08.901+0000] {processor.py:840} INFO - DAG(s) 'produce_json' retrieved from /opt/airflow/dags/main.py
[2026-03-08T04:19:08.913+0000] {logging_mixin.py:188} INFO - [2026-03-08T04:19:08.913+0000] {dag.py:3096} INFO - Sync 1 DAGs
[2026-03-08T04:19:08.924+0000] {logging_mixin.py:188} INFO - [2026-03-08T04:19:08.924+0000] {dag.py:3954} INFO - Setting next_dagrun for produce_json to 2026-03-06 05:00:00+00:00, run_after=2026-03-07 05:00:00+00:00
[2026-03-08T04:19:08.932+0000] {processor.py:183} INFO - Processing /opt/airflow/dags/main.py took 0.057 seconds
[2026-03-08T04:19:39.080+0000] {processor.py:161} INFO - Started process (PID=43) to work on /opt/airflow/dags/main.py
[2026-03-08T04:19:39.081+0000] {processor.py:830} INFO - Processing file /opt/airflow/dags/main.py for tasks to queue
[2026-03-08T04:19:39.082+0000] {logging_mixin.py:188} INFO - [2026-03-08T04:19:39.082+0000] {dagbag.py:545} INFO - Filling up the DagBag from /opt/airflow/dags/main.py
[2026-03-08T04:19:39.102+0000] {processor.py:840} INFO - DAG(s) 'produce_json' retrieved from /opt/airflow/dags/main.py
[2026-03-08T04:19:39.118+0000] {logging_mixin.py:188} INFO - [2026-03-08T04:19:39.118+0000] {dag.py:3096} INFO - Sync 1 DAGs
[2026-03-08T04:19:39.129+0000] {logging_mixin.py:188} INFO - [2026-03-08T04:19:39.129+0000] {dag.py:3954} INFO - Setting next_dagrun for produce_json to 2026-03-06 05:00:00+00:00, run_after=2026-03-07 05:00:00+00:00
[2026-03-08T04:19:39.140+0000] {processor.py:183} INFO - Processing /opt/airflow/dags/main.py took 0.064 seconds
[2026-03-08T04:20:09.268+0000] {processor.py:161} INFO - Started process (PID=54) to work on /opt/airflow/dags/main.py
[2026-03-08T04:20:09.268+0000] {processor.py:830} INFO - Processing file /opt/airflow/dags/main.py for tasks to queue
[2026-03-08T04:20:09.270+0000] {logging_mixin.py:188} INFO - [2026-03-08T04:20:09.269+0000] {dagbag.py:545} INFO - Filling up the DagBag from /opt/airflow/dags/main.py
[2026-03-08T04:20:09.288+0000] {processor.py:840} INFO - DAG(s) 'produce_json' retrieved from /opt/airflow/dags/main.py
[2026-03-08T04:20:09.307+0000] {logging_mixin.py:188} INFO - [2026-03-08T04:20:09.307+0000] {dag.py:3096} INFO - Sync 1 DAGs
[2026-03-08T04:20:09.324+0000] {logging_mixin.py:188} INFO - [2026-03-08T04:20:09.323+0000] {dag.py:3954} INFO - Setting next_dagrun for produce_json to 2026-03-07 05:00:00+00:00, run_after=2026-03-08 05:00:00+00:00
[2026-03-08T04:20:09.333+0000] {processor.py:183} INFO - Processing /opt/airflow/dags/main.py took 0.070 seconds
[2026-03-08T04:20:39.522+0000] {processor.py:161} INFO - Started process (PID=61) to work on /opt/airflow/dags/main.py
[2026-03-08T04:20:39.522+0000] {processor.py:830} INFO - Processing file /opt/airflow/dags/main.py for tasks to queue
[2026-03-08T04:20:39.523+0000] {logging_mixin.py:188} INFO - [2026-03-08T04:20:39.523+0000] {dagbag.py:545} INFO - Filling up the DagBag from /opt/airflow/dags/main.py
[2026-03-08T04:20:39.540+0000] {processor.py:840} INFO - DAG(s) 'produce_json' retrieved from /opt/airflow/dags/main.py
[2026-03-08T04:20:39.555+0000] {logging_mixin.py:188} INFO - [2026-03-08T04:20:39.555+0000] {dag.py:3096} INFO - Sync 1 DAGs
[2026-03-08T04:20:39.568+0000] {logging_mixin.py:188} INFO - [2026-03-08T04:20:39.568+0000] {dag.py:3954} INFO - Setting next_dagrun for produce_json to 2026-03-07 05:00:00+00:00, run_after=2026-03-08 05:00:00+00:00
[2026-03-08T04:20:39.577+0000] {processor.py:183} INFO - Processing /opt/airflow/dags/main.py took 0.059 seconds
[2026-03-08T04:21:09.788+0000] {processor.py:161} INFO - Started process (PID=68) to work on /opt/airflow/dags/main.py
[2026-03-08T04:21:09.789+0000] {processor.py:830} INFO - Processing file /opt/airflow/dags/main.py for tasks to queue
[2026-03-08T04:21:09.792+0000] {logging_mixin.py:188} INFO - [2026-03-08T04:21:09.792+0000] {dagbag.py:545} INFO - Filling up the DagBag from /opt/airflow/dags/main.py
[2026-03-08T04:21:09.819+0000] {processor.py:840} INFO - DAG(s) 'produce_json' retrieved from /opt/airflow/dags/main.py
[2026-03-08T04:21:09.838+0000] {logging_mixin.py:188} INFO - [2026-03-08T04:21:09.838+0000] {dag.py:3096} INFO - Sync 1 DAGs
[2026-03-08T04:21:09.852+0000] {logging_mixin.py:188} INFO - [2026-03-08T04:21:09.852+0000] {dag.py:3954} INFO - Setting next_dagrun for produce_json to 2026-03-07 05:00:00+00:00, run_after=2026-03-08 05:00:00+00:00
[2026-03-08T04:21:09.862+0000] {processor.py:183} INFO - Processing /opt/airflow/dags/main.py took 0.085 seconds
[2026-03-08T04:21:40.062+0000] {processor.py:161} INFO - Started process (PID=75) to work on /opt/airflow/dags/main.py
[2026-03-08T04:21:40.062+0000] {processor.py:830} INFO - Processing file /opt/airflow/dags/main.py for tasks to queue
[2026-03-08T04:21:40.063+0000] {logging_mixin.py:188} INFO - [2026-03-08T04:21:40.063+0000] {dagbag.py:545} INFO - Filling up the DagBag from /opt/airflow/dags/main.py
[2026-03-08T04:21:40.080+0000] {processor.py:840} INFO - DAG(s) 'produce_json' retrieved from /opt/airflow/dags/main.py
[2026-03-08T04:21:40.097+0000] {logging_mixin.py:188} INFO - [2026-03-08T04:21:40.097+0000] {dag.py:3096} INFO - Sync 1 DAGs
[2026-03-08T04:21:40.110+0000] {logging_mixin.py:188} INFO - [2026-03-08T04:21:40.110+0000] {dag.py:3954} INFO - Setting next_dagrun for produce_json to 2026-03-07 05:00:00+00:00, run_after=2026-03-08 05:00:00+00:00
[2026-03-08T04:21:40.119+0000] {processor.py:183} INFO - Processing /opt/airflow/dags/main.py took 0.063 seconds
[2026-03-08T04:22:10.266+0000] {processor.py:161} INFO - Started process (PID=82) to work on /opt/airflow/dags/main.py
[2026-03-08T04:22:10.267+0000] {processor.py:830} INFO - Processing file /opt/airflow/dags/main.py for tasks to queue
[2026-03-08T04:22:10.268+0000] {logging_mixin.py:188} INFO - [2026-03-08T04:22:10.268+0000] {dagbag.py:545} INFO - Filling up the DagBag from /opt/airflow/dags/main.py
[2026-03-08T04:22:10.285+0000] {processor.py:840} INFO - DAG(s) 'produce_json' retrieved from /opt/airflow/dags/main.py
[2026-03-08T04:22:10.302+0000] {logging_mixin.py:188} INFO - [2026-03-08T04:22:10.302+0000] {dag.py:3096} INFO - Sync 1 DAGs
[2026-03-08T04:22:10.315+0000] {logging_mixin.py:188} INFO - [2026-03-08T04:22:10.315+0000] {dag.py:3954} INFO - Setting next_dagrun for produce_json to 2026-03-07 05:00:00+00:00, run_after=2026-03-08 05:00:00+00:00
[2026-03-08T04:22:10.324+0000] {processor.py:183} INFO - Processing /opt/airflow/dags/main.py took 0.062 seconds
[2026-03-08T04:22:40.531+0000] {processor.py:161} INFO - Started process (PID=89) to work on /opt/airflow/dags/main.py
[2026-03-08T04:22:40.531+0000] {processor.py:830} INFO - Processing file /opt/airflow/dags/main.py for tasks to queue
[2026-03-08T04:22:40.533+0000] {logging_mixin.py:188} INFO - [2026-03-08T04:22:40.532+0000] {dagbag.py:545} INFO - Filling up the DagBag from /opt/airflow/dags/main.py
[2026-03-08T04:22:40.549+0000] {processor.py:840} INFO - DAG(s) 'produce_json' retrieved from /opt/airflow/dags/main.py
[2026-03-08T04:22:40.565+0000] {logging_mixin.py:188} INFO - [2026-03-08T04:22:40.565+0000] {dag.py:3096} INFO - Sync 1 DAGs
[2026-03-08T04:22:40.576+0000] {logging_mixin.py:188} INFO - [2026-03-08T04:22:40.576+0000] {dag.py:3954} INFO - Setting next_dagrun for produce_json to 2026-03-07 05:00:00+00:00, run_after=2026-03-08 05:00:00+00:00
[2026-03-08T04:22:40.585+0000] {processor.py:183} INFO - Processing /opt/airflow/dags/main.py took 0.060 seconds
[2026-03-08T04:23:10.721+0000] {processor.py:161} INFO - Started process (PID=96) to work on /opt/airflow/dags/main.py
[2026-03-08T04:23:10.722+0000] {processor.py:830} INFO - Processing file /opt/airflow/dags/main.py for tasks to queue
[2026-03-08T04:23:10.723+0000] {logging_mixin.py:188} INFO - [2026-03-08T04:23:10.723+0000] {dagbag.py:545} INFO - Filling up the DagBag from /opt/airflow/dags/main.py
[2026-03-08T04:23:10.741+0000] {processor.py:840} INFO - DAG(s) 'produce_json' retrieved from /opt/airflow/dags/main.py
[2026-03-08T04:23:10.757+0000] {logging_mixin.py:188} INFO - [2026-03-08T04:23:10.757+0000] {dag.py:3096} INFO - Sync 1 DAGs
[2026-03-08T04:23:10.770+0000] {logging_mixin.py:188} INFO - [2026-03-08T04:23:10.770+0000] {dag.py:3954} INFO - Setting next_dagrun for produce_json to 2026-03-07 05:00:00+00:00, run_after=2026-03-08 05:00:00+00:00
[2026-03-08T04:23:10.779+0000] {processor.py:183} INFO - Processing /opt/airflow/dags/main.py took 0.062 seconds
[2026-03-08T04:23:40.936+0000] {processor.py:161} INFO - Started process (PID=103) to work on /opt/airflow/dags/main.py
[2026-03-08T04:23:40.936+0000] {processor.py:830} INFO - Processing file /opt/airflow/dags/main.py for tasks to queue
[2026-03-08T04:23:40.937+0000] {logging_mixin.py:188} INFO - [2026-03-08T04:23:40.937+0000] {dagbag.py:545} INFO - Filling up the DagBag from /opt/airflow/dags/main.py
[2026-03-08T04:23:40.952+0000] {processor.py:840} INFO - DAG(s) 'produce_json' retrieved from /opt/airflow/dags/main.py
[2026-03-08T04:23:40.969+0000] {logging_mixin.py:188} INFO - [2026-03-08T04:23:40.968+0000] {dag.py:3096} INFO - Sync 1 DAGs
[2026-03-08T04:23:40.981+0000] {logging_mixin.py:188} INFO - [2026-03-08T04:23:40.980+0000] {dag.py:3954} INFO - Setting next_dagrun for produce_json to 2026-03-07 05:00:00+00:00, run_after=2026-03-08 05:00:00+00:00
[2026-03-08T04:23:40.989+0000] {processor.py:183} INFO - Processing /opt/airflow/dags/main.py took 0.057 seconds
[2026-03-08T04:24:11.213+0000] {processor.py:161} INFO - Started process (PID=110) to work on /opt/airflow/dags/main.py
[2026-03-08T04:24:11.214+0000] {processor.py:830} INFO - Processing file /opt/airflow/dags/main.py for tasks to queue
[2026-03-08T04:24:11.216+0000] {logging_mixin.py:188} INFO - [2026-03-08T04:24:11.215+0000] {dagbag.py:545} INFO - Filling up the DagBag from /opt/airflow/dags/main.py
[2026-03-08T04:24:11.244+0000] {processor.py:840} INFO - DAG(s) 'produce_json' retrieved from /opt/airflow/dags/main.py
[2026-03-08T04:24:11.265+0000] {logging_mixin.py:188} INFO - [2026-03-08T04:24:11.265+0000] {dag.py:3096} INFO - Sync 1 DAGs
[2026-03-08T04:24:11.279+0000] {logging_mixin.py:188} INFO - [2026-03-08T04:24:11.279+0000] {dag.py:3954} INFO - Setting next_dagrun for produce_json to 2026-03-07 05:00:00+00:00, run_after=2026-03-08 05:00:00+00:00
[2026-03-08T04:24:11.287+0000] {processor.py:183} INFO - Processing /opt/airflow/dags/main.py took 0.079 seconds
[2026-03-08T04:24:41.505+0000] {processor.py:161} INFO - Started process (PID=117) to work on /opt/airflow/dags/main.py
[2026-03-08T04:24:41.505+0000] {processor.py:830} INFO - Processing file /opt/airflow/dags/main.py for tasks to queue
[2026-03-08T04:24:41.506+0000] {logging_mixin.py:188} INFO - [2026-03-08T04:24:41.506+0000] {dagbag.py:545} INFO - Filling up the DagBag from /opt/airflow/dags/main.py
[2026-03-08T04:24:41.523+0000] {processor.py:840} INFO - DAG(s) 'produce_json' retrieved from /opt/airflow/dags/main.py
[2026-03-08T04:24:41.539+0000] {logging_mixin.py:188} INFO - [2026-03-08T04:24:41.539+0000] {dag.py:3096} INFO - Sync 1 DAGs
[2026-03-08T04:24:41.551+0000] {logging_mixin.py:188} INFO - [2026-03-08T04:24:41.551+0000] {dag.py:3954} INFO - Setting next_dagrun for produce_json to 2026-03-07 05:00:00+00:00, run_after=2026-03-08 05:00:00+00:00
[2026-03-08T04:24:41.561+0000] {processor.py:183} INFO - Processing /opt/airflow/dags/main.py took 0.060 seconds
[2026-03-08T04:25:11.798+0000] {processor.py:161} INFO - Started process (PID=124) to work on /opt/airflow/dags/main.py
[2026-03-08T04:25:11.799+0000] {processor.py:830} INFO - Processing file /opt/airflow/dags/main.py for tasks to queue
[2026-03-08T04:25:11.800+0000] {logging_mixin.py:188} INFO - [2026-03-08T04:25:11.800+0000] {dagbag.py:545} INFO - Filling up the DagBag from /opt/airflow/dags/main.py
[2026-03-08T04:25:11.819+0000] {processor.py:840} INFO - DAG(s) 'produce_json' retrieved from /opt/airflow/dags/main.py
[2026-03-08T04:25:11.833+0000] {logging_mixin.py:188} INFO - [2026-03-08T04:25:11.833+0000] {dag.py:3096} INFO - Sync 1 DAGs
[2026-03-08T04:25:11.844+0000] {logging_mixin.py:188} INFO - [2026-03-08T04:25:11.844+0000] {dag.py:3954} INFO - Setting next_dagrun for produce_json to 2026-03-07 05:00:00+00:00, run_after=2026-03-08 05:00:00+00:00
[2026-03-08T04:25:11.852+0000] {processor.py:183} INFO - Processing /opt/airflow/dags/main.py took 0.061 seconds
[2026-03-08T04:25:42.067+0000] {processor.py:161} INFO - Started process (PID=131) to work on /opt/airflow/dags/main.py
[2026-03-08T04:25:42.067+0000] {processor.py:830} INFO - Processing file /opt/airflow/dags/main.py for tasks to queue
[2026-03-08T04:25:42.068+0000] {logging_mixin.py:188} INFO - [2026-03-08T04:25:42.068+0000] {dagbag.py:545} INFO - Filling up the DagBag from /opt/airflow/dags/main.py
[2026-03-08T04:25:42.086+0000] {processor.py:840} INFO - DAG(s) 'produce_json' retrieved from /opt/airflow/dags/main.py
[2026-03-08T04:25:42.102+0000] {logging_mixin.py:188} INFO - [2026-03-08T04:25:42.102+0000] {dag.py:3096} INFO - Sync 1 DAGs
[2026-03-08T04:25:42.113+0000] {logging_mixin.py:188} INFO - [2026-03-08T04:25:42.113+0000] {dag.py:3954} INFO - Setting next_dagrun for produce_json to 2026-03-07 05:00:00+00:00, run_after=2026-03-08 05:00:00+00:00
[2026-03-08T04:25:42.122+0000] {processor.py:183} INFO - Processing /opt/airflow/dags/main.py took 0.061 seconds
[2026-03-08T04:26:12.342+0000] {processor.py:161} INFO - Started process (PID=138) to work on /opt/airflow/dags/main.py
[2026-03-08T04:26:12.342+0000] {processor.py:830} INFO - Processing file /opt/airflow/dags/main.py for tasks to queue
[2026-03-08T04:26:12.344+0000] {logging_mixin.py:188} INFO - [2026-03-08T04:26:12.344+0000] {dagbag.py:545} INFO - Filling up the DagBag from /opt/airflow/dags/main.py
[2026-03-08T04:26:12.367+0000] {logging_mixin.py:188} INFO - [2026-03-08T04:26:12.366+0000] {dagbag.py:355} ERROR - Failed to import: /opt/airflow/dags/main.py
Traceback (most recent call last):
  File "/home/airflow/.local/lib/python3.10/site-packages/airflow/models/dagbag.py", line 351, in parse
    loader.exec_module(new_module)
  File "<frozen importlib._bootstrap_external>", line 883, in exec_module
  File "<frozen importlib._bootstrap>", line 241, in _call_with_frames_removed
  File "/opt/airflow/dags/main.py", line 4, in <module>
    from api.video_status import get_playlist_id, get_video_ids, extract_video_data, save_to_json
  File "/opt/airflow/dags/api/video_status.py", line 11, in <module>
    from airflow.utils.log import get_task_logger
ImportError: cannot import name 'get_task_logger' from 'airflow.utils.log' (/home/airflow/.local/lib/python3.10/site-packages/airflow/utils/log/__init__.py)
[2026-03-08T04:26:12.368+0000] {processor.py:842} WARNING - No viable dags retrieved from /opt/airflow/dags/main.py
[2026-03-08T04:26:12.385+0000] {processor.py:183} INFO - Processing /opt/airflow/dags/main.py took 0.049 seconds
[2026-03-08T04:27:02.496+0000] {processor.py:161} INFO - Started process (PID=41) to work on /opt/airflow/dags/main.py
[2026-03-08T04:27:02.498+0000] {processor.py:830} INFO - Processing file /opt/airflow/dags/main.py for tasks to queue
[2026-03-08T04:27:02.501+0000] {logging_mixin.py:188} INFO - [2026-03-08T04:27:02.501+0000] {dagbag.py:545} INFO - Filling up the DagBag from /opt/airflow/dags/main.py
[2026-03-08T04:27:02.582+0000] {logging_mixin.py:188} INFO - [2026-03-08T04:27:02.580+0000] {dagbag.py:355} ERROR - Failed to import: /opt/airflow/dags/main.py
Traceback (most recent call last):
  File "/home/airflow/.local/lib/python3.10/site-packages/airflow/models/dagbag.py", line 351, in parse
    loader.exec_module(new_module)
  File "<frozen importlib._bootstrap_external>", line 883, in exec_module
  File "<frozen importlib._bootstrap>", line 241, in _call_with_frames_removed
  File "/opt/airflow/dags/main.py", line 4, in <module>
    from api.video_status import get_playlist_id, get_video_ids, extract_video_data, save_to_json
  File "/opt/airflow/dags/api/video_status.py", line 11, in <module>
    from airflow.utils.log import get_task_logger
ImportError: cannot import name 'get_task_logger' from 'airflow.utils.log' (/home/airflow/.local/lib/python3.10/site-packages/airflow/utils/log/__init__.py)
[2026-03-08T04:27:02.582+0000] {processor.py:842} WARNING - No viable dags retrieved from /opt/airflow/dags/main.py
[2026-03-08T04:27:02.607+0000] {processor.py:183} INFO - Processing /opt/airflow/dags/main.py took 0.118 seconds
[2026-03-08T04:27:32.782+0000] {processor.py:161} INFO - Started process (PID=47) to work on /opt/airflow/dags/main.py
[2026-03-08T04:27:32.782+0000] {processor.py:830} INFO - Processing file /opt/airflow/dags/main.py for tasks to queue
[2026-03-08T04:27:32.784+0000] {logging_mixin.py:188} INFO - [2026-03-08T04:27:32.784+0000] {dagbag.py:545} INFO - Filling up the DagBag from /opt/airflow/dags/main.py
[2026-03-08T04:27:32.799+0000] {logging_mixin.py:188} INFO - [2026-03-08T04:27:32.799+0000] {dagbag.py:355} ERROR - Failed to import: /opt/airflow/dags/main.py
Traceback (most recent call last):
  File "/home/airflow/.local/lib/python3.10/site-packages/airflow/models/dagbag.py", line 351, in parse
    loader.exec_module(new_module)
  File "<frozen importlib._bootstrap_external>", line 883, in exec_module
  File "<frozen importlib._bootstrap>", line 241, in _call_with_frames_removed
  File "/opt/airflow/dags/main.py", line 4, in <module>
    from api.video_status import get_playlist_id, get_video_ids, extract_video_data, save_to_json
  File "/opt/airflow/dags/api/video_status.py", line 11, in <module>
    from airflow.utils.log import get_task_logger
ImportError: cannot import name 'get_task_logger' from 'airflow.utils.log' (/home/airflow/.local/lib/python3.10/site-packages/airflow/utils/log/__init__.py)
[2026-03-08T04:27:32.800+0000] {processor.py:842} WARNING - No viable dags retrieved from /opt/airflow/dags/main.py
[2026-03-08T04:27:32.810+0000] {processor.py:183} INFO - Processing /opt/airflow/dags/main.py took 0.034 seconds
[2026-03-08T04:28:03.081+0000] {processor.py:161} INFO - Started process (PID=54) to work on /opt/airflow/dags/main.py
[2026-03-08T04:28:03.081+0000] {processor.py:830} INFO - Processing file /opt/airflow/dags/main.py for tasks to queue
[2026-03-08T04:28:03.082+0000] {logging_mixin.py:188} INFO - [2026-03-08T04:28:03.082+0000] {dagbag.py:545} INFO - Filling up the DagBag from /opt/airflow/dags/main.py
[2026-03-08T04:28:03.114+0000] {processor.py:840} INFO - DAG(s) 'produce_json' retrieved from /opt/airflow/dags/main.py
[2026-03-08T04:28:03.244+0000] {logging_mixin.py:188} INFO - [2026-03-08T04:28:03.244+0000] {dag.py:3096} INFO - Sync 1 DAGs
[2026-03-08T04:28:03.255+0000] {logging_mixin.py:188} INFO - [2026-03-08T04:28:03.255+0000] {dag.py:3954} INFO - Setting next_dagrun for produce_json to 2026-03-07 05:00:00+00:00, run_after=2026-03-08 05:00:00+00:00
[2026-03-08T04:28:03.266+0000] {processor.py:183} INFO - Processing /opt/airflow/dags/main.py took 0.191 seconds
[2026-03-08T04:28:33.329+0000] {processor.py:161} INFO - Started process (PID=61) to work on /opt/airflow/dags/main.py
[2026-03-08T04:28:33.330+0000] {processor.py:830} INFO - Processing file /opt/airflow/dags/main.py for tasks to queue
[2026-03-08T04:28:33.330+0000] {logging_mixin.py:188} INFO - [2026-03-08T04:28:33.330+0000] {dagbag.py:545} INFO - Filling up the DagBag from /opt/airflow/dags/main.py
[2026-03-08T04:28:33.348+0000] {processor.py:840} INFO - DAG(s) 'produce_json' retrieved from /opt/airflow/dags/main.py
[2026-03-08T04:28:33.402+0000] {logging_mixin.py:188} INFO - [2026-03-08T04:28:33.402+0000] {dag.py:3096} INFO - Sync 1 DAGs
[2026-03-08T04:28:33.413+0000] {logging_mixin.py:188} INFO - [2026-03-08T04:28:33.413+0000] {dag.py:3954} INFO - Setting next_dagrun for produce_json to 2026-03-07 05:00:00+00:00, run_after=2026-03-08 05:00:00+00:00
[2026-03-08T04:28:33.421+0000] {processor.py:183} INFO - Processing /opt/airflow/dags/main.py took 0.096 seconds
[2026-03-08T04:29:03.576+0000] {processor.py:161} INFO - Started process (PID=68) to work on /opt/airflow/dags/main.py
[2026-03-08T04:29:03.577+0000] {processor.py:830} INFO - Processing file /opt/airflow/dags/main.py for tasks to queue
[2026-03-08T04:29:03.577+0000] {logging_mixin.py:188} INFO - [2026-03-08T04:29:03.577+0000] {dagbag.py:545} INFO - Filling up the DagBag from /opt/airflow/dags/main.py
[2026-03-08T04:29:03.594+0000] {processor.py:840} INFO - DAG(s) 'produce_json' retrieved from /opt/airflow/dags/main.py
[2026-03-08T04:29:03.611+0000] {logging_mixin.py:188} INFO - [2026-03-08T04:29:03.611+0000] {dag.py:3096} INFO - Sync 1 DAGs
[2026-03-08T04:29:03.623+0000] {logging_mixin.py:188} INFO - [2026-03-08T04:29:03.623+0000] {dag.py:3954} INFO - Setting next_dagrun for produce_json to 2026-03-07 05:00:00+00:00, run_after=2026-03-08 05:00:00+00:00
[2026-03-08T04:29:03.633+0000] {processor.py:183} INFO - Processing /opt/airflow/dags/main.py took 0.062 seconds
[2026-03-08T04:29:33.791+0000] {processor.py:161} INFO - Started process (PID=75) to work on /opt/airflow/dags/main.py
[2026-03-08T04:29:33.792+0000] {processor.py:830} INFO - Processing file /opt/airflow/dags/main.py for tasks to queue
[2026-03-08T04:29:33.793+0000] {logging_mixin.py:188} INFO - [2026-03-08T04:29:33.793+0000] {dagbag.py:545} INFO - Filling up the DagBag from /opt/airflow/dags/main.py
[2026-03-08T04:29:33.820+0000] {processor.py:840} INFO - DAG(s) 'produce_json' retrieved from /opt/airflow/dags/main.py
[2026-03-08T04:29:33.843+0000] {logging_mixin.py:188} INFO - [2026-03-08T04:29:33.842+0000] {dag.py:3096} INFO - Sync 1 DAGs
[2026-03-08T04:29:33.858+0000] {logging_mixin.py:188} INFO - [2026-03-08T04:29:33.858+0000] {dag.py:3954} INFO - Setting next_dagrun for produce_json to 2026-03-07 05:00:00+00:00, run_after=2026-03-08 05:00:00+00:00
[2026-03-08T04:29:33.868+0000] {processor.py:183} INFO - Processing /opt/airflow/dags/main.py took 0.081 seconds
[2026-03-08T04:30:04.091+0000] {processor.py:161} INFO - Started process (PID=82) to work on /opt/airflow/dags/main.py
[2026-03-08T04:30:04.091+0000] {processor.py:830} INFO - Processing file /opt/airflow/dags/main.py for tasks to queue
[2026-03-08T04:30:04.092+0000] {logging_mixin.py:188} INFO - [2026-03-08T04:30:04.092+0000] {dagbag.py:545} INFO - Filling up the DagBag from /opt/airflow/dags/main.py
[2026-03-08T04:30:04.120+0000] {processor.py:840} INFO - DAG(s) 'produce_json' retrieved from /opt/airflow/dags/main.py
[2026-03-08T04:30:04.139+0000] {logging_mixin.py:188} INFO - [2026-03-08T04:30:04.139+0000] {dag.py:3096} INFO - Sync 1 DAGs
[2026-03-08T04:30:04.152+0000] {logging_mixin.py:188} INFO - [2026-03-08T04:30:04.151+0000] {dag.py:3954} INFO - Setting next_dagrun for produce_json to 2026-03-07 05:00:00+00:00, run_after=2026-03-08 05:00:00+00:00
[2026-03-08T04:30:04.160+0000] {processor.py:183} INFO - Processing /opt/airflow/dags/main.py took 0.078 seconds
[2026-03-08T04:30:34.334+0000] {processor.py:161} INFO - Started process (PID=89) to work on /opt/airflow/dags/main.py
[2026-03-08T04:30:34.335+0000] {processor.py:830} INFO - Processing file /opt/airflow/dags/main.py for tasks to queue
[2026-03-08T04:30:34.336+0000] {logging_mixin.py:188} INFO - [2026-03-08T04:30:34.336+0000] {dagbag.py:545} INFO - Filling up the DagBag from /opt/airflow/dags/main.py
[2026-03-08T04:30:34.367+0000] {processor.py:840} INFO - DAG(s) 'produce_json' retrieved from /opt/airflow/dags/main.py
[2026-03-08T04:30:34.388+0000] {logging_mixin.py:188} INFO - [2026-03-08T04:30:34.388+0000] {dag.py:3096} INFO - Sync 1 DAGs
[2026-03-08T04:30:34.402+0000] {logging_mixin.py:188} INFO - [2026-03-08T04:30:34.402+0000] {dag.py:3954} INFO - Setting next_dagrun for produce_json to 2026-03-07 05:00:00+00:00, run_after=2026-03-08 05:00:00+00:00
[2026-03-08T04:30:34.410+0000] {processor.py:183} INFO - Processing /opt/airflow/dags/main.py took 0.086 seconds
[2026-03-08T04:31:04.651+0000] {processor.py:161} INFO - Started process (PID=96) to work on /opt/airflow/dags/main.py
[2026-03-08T04:31:04.652+0000] {processor.py:830} INFO - Processing file /opt/airflow/dags/main.py for tasks to queue
[2026-03-08T04:31:04.652+0000] {logging_mixin.py:188} INFO - [2026-03-08T04:31:04.652+0000] {dagbag.py:545} INFO - Filling up the DagBag from /opt/airflow/dags/main.py
[2026-03-08T04:31:04.672+0000] {processor.py:840} INFO - DAG(s) 'produce_json' retrieved from /opt/airflow/dags/main.py
[2026-03-08T04:31:04.690+0000] {logging_mixin.py:188} INFO - [2026-03-08T04:31:04.690+0000] {dag.py:3096} INFO - Sync 1 DAGs
[2026-03-08T04:31:04.702+0000] {logging_mixin.py:188} INFO - [2026-03-08T04:31:04.702+0000] {dag.py:3954} INFO - Setting next_dagrun for produce_json to 2026-03-07 05:00:00+00:00, run_after=2026-03-08 05:00:00+00:00
[2026-03-08T04:31:04.711+0000] {processor.py:183} INFO - Processing /opt/airflow/dags/main.py took 0.063 seconds
[2026-03-08T04:31:34.862+0000] {processor.py:161} INFO - Started process (PID=103) to work on /opt/airflow/dags/main.py
[2026-03-08T04:31:34.862+0000] {processor.py:830} INFO - Processing file /opt/airflow/dags/main.py for tasks to queue
[2026-03-08T04:31:34.863+0000] {logging_mixin.py:188} INFO - [2026-03-08T04:31:34.863+0000] {dagbag.py:545} INFO - Filling up the DagBag from /opt/airflow/dags/main.py
[2026-03-08T04:31:34.881+0000] {processor.py:840} INFO - DAG(s) 'produce_json' retrieved from /opt/airflow/dags/main.py
[2026-03-08T04:31:34.940+0000] {logging_mixin.py:188} INFO - [2026-03-08T04:31:34.940+0000] {dag.py:3096} INFO - Sync 1 DAGs
[2026-03-08T04:31:34.951+0000] {logging_mixin.py:188} INFO - [2026-03-08T04:31:34.951+0000] {dag.py:3954} INFO - Setting next_dagrun for produce_json to 2026-03-07 05:00:00+00:00, run_after=2026-03-08 05:00:00+00:00
[2026-03-08T04:31:34.960+0000] {processor.py:183} INFO - Processing /opt/airflow/dags/main.py took 0.104 seconds
[2026-03-08T04:32:05.148+0000] {processor.py:161} INFO - Started process (PID=110) to work on /opt/airflow/dags/main.py
[2026-03-08T04:32:05.148+0000] {processor.py:830} INFO - Processing file /opt/airflow/dags/main.py for tasks to queue
[2026-03-08T04:32:05.148+0000] {logging_mixin.py:188} INFO - [2026-03-08T04:32:05.148+0000] {dagbag.py:545} INFO - Filling up the DagBag from /opt/airflow/dags/main.py
[2026-03-08T04:32:05.165+0000] {processor.py:840} INFO - DAG(s) 'produce_json' retrieved from /opt/airflow/dags/main.py
[2026-03-08T04:32:05.180+0000] {logging_mixin.py:188} INFO - [2026-03-08T04:32:05.179+0000] {dag.py:3096} INFO - Sync 1 DAGs
[2026-03-08T04:32:05.191+0000] {logging_mixin.py:188} INFO - [2026-03-08T04:32:05.191+0000] {dag.py:3954} INFO - Setting next_dagrun for produce_json to 2026-03-07 05:00:00+00:00, run_after=2026-03-08 05:00:00+00:00
[2026-03-08T04:32:05.199+0000] {processor.py:183} INFO - Processing /opt/airflow/dags/main.py took 0.056 seconds
[2026-03-08T04:32:35.418+0000] {processor.py:161} INFO - Started process (PID=117) to work on /opt/airflow/dags/main.py
[2026-03-08T04:32:35.418+0000] {processor.py:830} INFO - Processing file /opt/airflow/dags/main.py for tasks to queue
[2026-03-08T04:32:35.419+0000] {logging_mixin.py:188} INFO - [2026-03-08T04:32:35.419+0000] {dagbag.py:545} INFO - Filling up the DagBag from /opt/airflow/dags/main.py
[2026-03-08T04:32:35.435+0000] {processor.py:840} INFO - DAG(s) 'produce_json' retrieved from /opt/airflow/dags/main.py
[2026-03-08T04:32:35.453+0000] {logging_mixin.py:188} INFO - [2026-03-08T04:32:35.452+0000] {dag.py:3096} INFO - Sync 1 DAGs
[2026-03-08T04:32:35.465+0000] {logging_mixin.py:188} INFO - [2026-03-08T04:32:35.465+0000] {dag.py:3954} INFO - Setting next_dagrun for produce_json to 2026-03-07 05:00:00+00:00, run_after=2026-03-08 05:00:00+00:00
[2026-03-08T04:32:35.476+0000] {processor.py:183} INFO - Processing /opt/airflow/dags/main.py took 0.062 seconds
[2026-03-08T04:33:05.667+0000] {processor.py:161} INFO - Started process (PID=124) to work on /opt/airflow/dags/main.py
[2026-03-08T04:33:05.668+0000] {processor.py:830} INFO - Processing file /opt/airflow/dags/main.py for tasks to queue
[2026-03-08T04:33:05.669+0000] {logging_mixin.py:188} INFO - [2026-03-08T04:33:05.668+0000] {dagbag.py:545} INFO - Filling up the DagBag from /opt/airflow/dags/main.py
[2026-03-08T04:33:05.704+0000] {processor.py:840} INFO - DAG(s) 'produce_json' retrieved from /opt/airflow/dags/main.py
[2026-03-08T04:33:05.727+0000] {logging_mixin.py:188} INFO - [2026-03-08T04:33:05.727+0000] {dag.py:3096} INFO - Sync 1 DAGs
[2026-03-08T04:33:05.740+0000] {logging_mixin.py:188} INFO - [2026-03-08T04:33:05.740+0000] {dag.py:3954} INFO - Setting next_dagrun for produce_json to 2026-03-07 05:00:00+00:00, run_after=2026-03-08 05:00:00+00:00
[2026-03-08T04:33:05.751+0000] {processor.py:183} INFO - Processing /opt/airflow/dags/main.py took 0.094 seconds
[2026-03-08T04:33:35.934+0000] {processor.py:161} INFO - Started process (PID=130) to work on /opt/airflow/dags/main.py
[2026-03-08T04:33:35.935+0000] {processor.py:830} INFO - Processing file /opt/airflow/dags/main.py for tasks to queue
[2026-03-08T04:33:35.935+0000] {logging_mixin.py:188} INFO - [2026-03-08T04:33:35.935+0000] {dagbag.py:545} INFO - Filling up the DagBag from /opt/airflow/dags/main.py
[2026-03-08T04:33:35.954+0000] {processor.py:840} INFO - DAG(s) 'produce_json' retrieved from /opt/airflow/dags/main.py
[2026-03-08T04:33:35.971+0000] {logging_mixin.py:188} INFO - [2026-03-08T04:33:35.971+0000] {dag.py:3096} INFO - Sync 1 DAGs
[2026-03-08T04:33:35.983+0000] {logging_mixin.py:188} INFO - [2026-03-08T04:33:35.983+0000] {dag.py:3954} INFO - Setting next_dagrun for produce_json to 2026-03-07 05:00:00+00:00, run_after=2026-03-08 05:00:00+00:00
[2026-03-08T04:33:35.991+0000] {processor.py:183} INFO - Processing /opt/airflow/dags/main.py took 0.062 seconds
[2026-03-08T04:34:06.275+0000] {processor.py:161} INFO - Started process (PID=137) to work on /opt/airflow/dags/main.py
[2026-03-08T04:34:06.276+0000] {processor.py:830} INFO - Processing file /opt/airflow/dags/main.py for tasks to queue
[2026-03-08T04:34:06.277+0000] {logging_mixin.py:188} INFO - [2026-03-08T04:34:06.276+0000] {dagbag.py:545} INFO - Filling up the DagBag from /opt/airflow/dags/main.py
[2026-03-08T04:34:06.300+0000] {processor.py:840} INFO - DAG(s) 'produce_json' retrieved from /opt/airflow/dags/main.py
[2026-03-08T04:34:06.322+0000] {logging_mixin.py:188} INFO - [2026-03-08T04:34:06.322+0000] {dag.py:3096} INFO - Sync 1 DAGs
[2026-03-08T04:34:06.338+0000] {logging_mixin.py:188} INFO - [2026-03-08T04:34:06.338+0000] {dag.py:3954} INFO - Setting next_dagrun for produce_json to 2026-03-07 05:00:00+00:00, run_after=2026-03-08 05:00:00+00:00
[2026-03-08T04:34:06.347+0000] {processor.py:183} INFO - Processing /opt/airflow/dags/main.py took 0.079 seconds
[2026-03-08T04:34:36.576+0000] {processor.py:161} INFO - Started process (PID=144) to work on /opt/airflow/dags/main.py
[2026-03-08T04:34:36.577+0000] {processor.py:830} INFO - Processing file /opt/airflow/dags/main.py for tasks to queue
[2026-03-08T04:34:36.578+0000] {logging_mixin.py:188} INFO - [2026-03-08T04:34:36.578+0000] {dagbag.py:545} INFO - Filling up the DagBag from /opt/airflow/dags/main.py
[2026-03-08T04:34:36.598+0000] {processor.py:840} INFO - DAG(s) 'produce_json' retrieved from /opt/airflow/dags/main.py
[2026-03-08T04:34:36.618+0000] {logging_mixin.py:188} INFO - [2026-03-08T04:34:36.617+0000] {dag.py:3096} INFO - Sync 1 DAGs
[2026-03-08T04:34:36.633+0000] {logging_mixin.py:188} INFO - [2026-03-08T04:34:36.633+0000] {dag.py:3954} INFO - Setting next_dagrun for produce_json to 2026-03-07 05:00:00+00:00, run_after=2026-03-08 05:00:00+00:00
[2026-03-08T04:34:36.645+0000] {processor.py:183} INFO - Processing /opt/airflow/dags/main.py took 0.075 seconds
[2026-03-08T04:35:06.857+0000] {processor.py:161} INFO - Started process (PID=151) to work on /opt/airflow/dags/main.py
[2026-03-08T04:35:06.858+0000] {processor.py:830} INFO - Processing file /opt/airflow/dags/main.py for tasks to queue
[2026-03-08T04:35:06.858+0000] {logging_mixin.py:188} INFO - [2026-03-08T04:35:06.858+0000] {dagbag.py:545} INFO - Filling up the DagBag from /opt/airflow/dags/main.py
[2026-03-08T04:35:06.880+0000] {processor.py:840} INFO - DAG(s) 'produce_json' retrieved from /opt/airflow/dags/main.py
[2026-03-08T04:35:06.899+0000] {logging_mixin.py:188} INFO - [2026-03-08T04:35:06.899+0000] {dag.py:3096} INFO - Sync 1 DAGs
[2026-03-08T04:35:06.913+0000] {logging_mixin.py:188} INFO - [2026-03-08T04:35:06.913+0000] {dag.py:3954} INFO - Setting next_dagrun for produce_json to 2026-03-07 05:00:00+00:00, run_after=2026-03-08 05:00:00+00:00
[2026-03-08T04:35:06.921+0000] {processor.py:183} INFO - Processing /opt/airflow/dags/main.py took 0.070 seconds
[2026-03-08T04:35:37.118+0000] {processor.py:161} INFO - Started process (PID=158) to work on /opt/airflow/dags/main.py
[2026-03-08T04:35:37.119+0000] {processor.py:830} INFO - Processing file /opt/airflow/dags/main.py for tasks to queue
[2026-03-08T04:35:37.120+0000] {logging_mixin.py:188} INFO - [2026-03-08T04:35:37.120+0000] {dagbag.py:545} INFO - Filling up the DagBag from /opt/airflow/dags/main.py
[2026-03-08T04:35:37.151+0000] {processor.py:840} INFO - DAG(s) 'produce_json' retrieved from /opt/airflow/dags/main.py
[2026-03-08T04:35:37.171+0000] {logging_mixin.py:188} INFO - [2026-03-08T04:35:37.171+0000] {dag.py:3096} INFO - Sync 1 DAGs
[2026-03-08T04:35:37.183+0000] {logging_mixin.py:188} INFO - [2026-03-08T04:35:37.183+0000] {dag.py:3954} INFO - Setting next_dagrun for produce_json to 2026-03-07 05:00:00+00:00, run_after=2026-03-08 05:00:00+00:00
[2026-03-08T04:35:37.192+0000] {processor.py:183} INFO - Processing /opt/airflow/dags/main.py took 0.083 seconds
[2026-03-08T04:36:29.835+0000] {processor.py:161} INFO - Started process (PID=42) to work on /opt/airflow/dags/main.py
[2026-03-08T04:36:29.836+0000] {processor.py:830} INFO - Processing file /opt/airflow/dags/main.py for tasks to queue
[2026-03-08T04:36:29.840+0000] {logging_mixin.py:188} INFO - [2026-03-08T04:36:29.840+0000] {dagbag.py:545} INFO - Filling up the DagBag from /opt/airflow/dags/main.py
[2026-03-08T04:36:29.920+0000] {processor.py:840} INFO - DAG(s) 'produce_json' retrieved from /opt/airflow/dags/main.py
[2026-03-08T04:36:30.118+0000] {logging_mixin.py:188} INFO - [2026-03-08T04:36:30.117+0000] {dag.py:3096} INFO - Sync 1 DAGs
[2026-03-08T04:36:30.146+0000] {logging_mixin.py:188} INFO - [2026-03-08T04:36:30.145+0000] {dag.py:3954} INFO - Setting next_dagrun for produce_json to 2026-03-07 05:00:00+00:00, run_after=2026-03-08 05:00:00+00:00
[2026-03-08T04:36:30.174+0000] {processor.py:183} INFO - Processing /opt/airflow/dags/main.py took 0.345 seconds
[2026-03-08T04:37:00.386+0000] {processor.py:161} INFO - Started process (PID=49) to work on /opt/airflow/dags/main.py
[2026-03-08T04:37:00.387+0000] {processor.py:830} INFO - Processing file /opt/airflow/dags/main.py for tasks to queue
[2026-03-08T04:37:00.389+0000] {logging_mixin.py:188} INFO - [2026-03-08T04:37:00.388+0000] {dagbag.py:545} INFO - Filling up the DagBag from /opt/airflow/dags/main.py
[2026-03-08T04:37:00.406+0000] {processor.py:840} INFO - DAG(s) 'produce_json' retrieved from /opt/airflow/dags/main.py
[2026-03-08T04:37:00.424+0000] {logging_mixin.py:188} INFO - [2026-03-08T04:37:00.424+0000] {dag.py:3096} INFO - Sync 1 DAGs
[2026-03-08T04:37:00.436+0000] {logging_mixin.py:188} INFO - [2026-03-08T04:37:00.436+0000] {dag.py:3954} INFO - Setting next_dagrun for produce_json to 2026-03-07 05:00:00+00:00, run_after=2026-03-08 05:00:00+00:00
[2026-03-08T04:37:00.445+0000] {processor.py:183} INFO - Processing /opt/airflow/dags/main.py took 0.063 seconds
[2026-03-08T04:37:30.617+0000] {processor.py:161} INFO - Started process (PID=56) to work on /opt/airflow/dags/main.py
[2026-03-08T04:37:30.618+0000] {processor.py:830} INFO - Processing file /opt/airflow/dags/main.py for tasks to queue
[2026-03-08T04:37:30.620+0000] {logging_mixin.py:188} INFO - [2026-03-08T04:37:30.619+0000] {dagbag.py:545} INFO - Filling up the DagBag from /opt/airflow/dags/main.py
[2026-03-08T04:37:30.639+0000] {processor.py:840} INFO - DAG(s) 'produce_json' retrieved from /opt/airflow/dags/main.py
[2026-03-08T04:37:30.654+0000] {logging_mixin.py:188} INFO - [2026-03-08T04:37:30.654+0000] {dag.py:3096} INFO - Sync 1 DAGs
[2026-03-08T04:37:30.665+0000] {logging_mixin.py:188} INFO - [2026-03-08T04:37:30.665+0000] {dag.py:3954} INFO - Setting next_dagrun for produce_json to 2026-03-07 05:00:00+00:00, run_after=2026-03-08 05:00:00+00:00
[2026-03-08T04:37:30.675+0000] {processor.py:183} INFO - Processing /opt/airflow/dags/main.py took 0.061 seconds
[2026-03-08T04:38:00.896+0000] {processor.py:161} INFO - Started process (PID=63) to work on /opt/airflow/dags/main.py
[2026-03-08T04:38:00.896+0000] {processor.py:830} INFO - Processing file /opt/airflow/dags/main.py for tasks to queue
[2026-03-08T04:38:00.897+0000] {logging_mixin.py:188} INFO - [2026-03-08T04:38:00.897+0000] {dagbag.py:545} INFO - Filling up the DagBag from /opt/airflow/dags/main.py
[2026-03-08T04:38:00.914+0000] {processor.py:840} INFO - DAG(s) 'produce_json' retrieved from /opt/airflow/dags/main.py
[2026-03-08T04:38:00.930+0000] {logging_mixin.py:188} INFO - [2026-03-08T04:38:00.930+0000] {dag.py:3096} INFO - Sync 1 DAGs
[2026-03-08T04:38:00.942+0000] {logging_mixin.py:188} INFO - [2026-03-08T04:38:00.942+0000] {dag.py:3954} INFO - Setting next_dagrun for produce_json to 2026-03-07 05:00:00+00:00, run_after=2026-03-08 05:00:00+00:00
[2026-03-08T04:38:00.951+0000] {processor.py:183} INFO - Processing /opt/airflow/dags/main.py took 0.059 seconds
[2026-03-08T04:38:41.987+0000] {processor.py:161} INFO - Started process (PID=41) to work on /opt/airflow/dags/main.py
[2026-03-08T04:38:41.989+0000] {processor.py:830} INFO - Processing file /opt/airflow/dags/main.py for tasks to queue
[2026-03-08T04:38:41.993+0000] {logging_mixin.py:188} INFO - [2026-03-08T04:38:41.993+0000] {dagbag.py:545} INFO - Filling up the DagBag from /opt/airflow/dags/main.py
[2026-03-08T04:38:42.050+0000] {processor.py:840} INFO - DAG(s) 'produce_json' retrieved from /opt/airflow/dags/main.py
[2026-03-08T04:38:42.227+0000] {logging_mixin.py:188} INFO - [2026-03-08T04:38:42.227+0000] {dag.py:3096} INFO - Sync 1 DAGs
[2026-03-08T04:38:42.242+0000] {logging_mixin.py:188} INFO - [2026-03-08T04:38:42.242+0000] {dag.py:3954} INFO - Setting next_dagrun for produce_json to 2026-03-07 05:00:00+00:00, run_after=2026-03-08 05:00:00+00:00
[2026-03-08T04:38:42.255+0000] {processor.py:183} INFO - Processing /opt/airflow/dags/main.py took 0.274 seconds
[2026-03-08T04:39:12.471+0000] {processor.py:161} INFO - Started process (PID=48) to work on /opt/airflow/dags/main.py
[2026-03-08T04:39:12.472+0000] {processor.py:830} INFO - Processing file /opt/airflow/dags/main.py for tasks to queue
[2026-03-08T04:39:12.474+0000] {logging_mixin.py:188} INFO - [2026-03-08T04:39:12.474+0000] {dagbag.py:545} INFO - Filling up the DagBag from /opt/airflow/dags/main.py
[2026-03-08T04:39:12.496+0000] {processor.py:840} INFO - DAG(s) 'produce_json' retrieved from /opt/airflow/dags/main.py
[2026-03-08T04:39:12.519+0000] {logging_mixin.py:188} INFO - [2026-03-08T04:39:12.519+0000] {dag.py:3096} INFO - Sync 1 DAGs
[2026-03-08T04:39:12.534+0000] {logging_mixin.py:188} INFO - [2026-03-08T04:39:12.534+0000] {dag.py:3954} INFO - Setting next_dagrun for produce_json to 2026-03-07 05:00:00+00:00, run_after=2026-03-08 05:00:00+00:00
[2026-03-08T04:39:12.543+0000] {processor.py:183} INFO - Processing /opt/airflow/dags/main.py took 0.082 seconds
[2026-03-08T04:39:42.684+0000] {processor.py:161} INFO - Started process (PID=55) to work on /opt/airflow/dags/main.py
[2026-03-08T04:39:42.685+0000] {processor.py:830} INFO - Processing file /opt/airflow/dags/main.py for tasks to queue
[2026-03-08T04:39:42.687+0000] {logging_mixin.py:188} INFO - [2026-03-08T04:39:42.686+0000] {dagbag.py:545} INFO - Filling up the DagBag from /opt/airflow/dags/main.py
[2026-03-08T04:39:42.707+0000] {processor.py:840} INFO - DAG(s) 'produce_json' retrieved from /opt/airflow/dags/main.py
[2026-03-08T04:39:42.723+0000] {logging_mixin.py:188} INFO - [2026-03-08T04:39:42.723+0000] {dag.py:3096} INFO - Sync 1 DAGs
[2026-03-08T04:39:42.736+0000] {logging_mixin.py:188} INFO - [2026-03-08T04:39:42.736+0000] {dag.py:3954} INFO - Setting next_dagrun for produce_json to 2026-03-07 05:00:00+00:00, run_after=2026-03-08 05:00:00+00:00
[2026-03-08T04:39:42.746+0000] {processor.py:183} INFO - Processing /opt/airflow/dags/main.py took 0.066 seconds
[2026-03-08T04:40:13.015+0000] {processor.py:161} INFO - Started process (PID=62) to work on /opt/airflow/dags/main.py
[2026-03-08T04:40:13.016+0000] {processor.py:830} INFO - Processing file /opt/airflow/dags/main.py for tasks to queue
[2026-03-08T04:40:13.017+0000] {logging_mixin.py:188} INFO - [2026-03-08T04:40:13.017+0000] {dagbag.py:545} INFO - Filling up the DagBag from /opt/airflow/dags/main.py
[2026-03-08T04:40:13.034+0000] {processor.py:840} INFO - DAG(s) 'produce_json' retrieved from /opt/airflow/dags/main.py
[2026-03-08T04:40:13.051+0000] {logging_mixin.py:188} INFO - [2026-03-08T04:40:13.050+0000] {dag.py:3096} INFO - Sync 1 DAGs
[2026-03-08T04:40:13.062+0000] {logging_mixin.py:188} INFO - [2026-03-08T04:40:13.062+0000] {dag.py:3954} INFO - Setting next_dagrun for produce_json to 2026-03-07 05:00:00+00:00, run_after=2026-03-08 05:00:00+00:00
[2026-03-08T04:40:13.071+0000] {processor.py:183} INFO - Processing /opt/airflow/dags/main.py took 0.061 seconds
[2026-03-08T04:40:43.261+0000] {processor.py:161} INFO - Started process (PID=69) to work on /opt/airflow/dags/main.py
[2026-03-08T04:40:43.262+0000] {processor.py:830} INFO - Processing file /opt/airflow/dags/main.py for tasks to queue
[2026-03-08T04:40:43.262+0000] {logging_mixin.py:188} INFO - [2026-03-08T04:40:43.262+0000] {dagbag.py:545} INFO - Filling up the DagBag from /opt/airflow/dags/main.py
[2026-03-08T04:40:43.277+0000] {processor.py:840} INFO - DAG(s) 'produce_json' retrieved from /opt/airflow/dags/main.py
[2026-03-08T04:40:43.292+0000] {logging_mixin.py:188} INFO - [2026-03-08T04:40:43.292+0000] {dag.py:3096} INFO - Sync 1 DAGs
[2026-03-08T04:40:43.303+0000] {logging_mixin.py:188} INFO - [2026-03-08T04:40:43.303+0000] {dag.py:3954} INFO - Setting next_dagrun for produce_json to 2026-03-07 05:00:00+00:00, run_after=2026-03-08 05:00:00+00:00
[2026-03-08T04:40:43.312+0000] {processor.py:183} INFO - Processing /opt/airflow/dags/main.py took 0.054 seconds
[2026-03-08T04:41:13.509+0000] {processor.py:161} INFO - Started process (PID=76) to work on /opt/airflow/dags/main.py
[2026-03-08T04:41:13.510+0000] {processor.py:830} INFO - Processing file /opt/airflow/dags/main.py for tasks to queue
[2026-03-08T04:41:13.511+0000] {logging_mixin.py:188} INFO - [2026-03-08T04:41:13.511+0000] {dagbag.py:545} INFO - Filling up the DagBag from /opt/airflow/dags/main.py
[2026-03-08T04:41:13.527+0000] {processor.py:840} INFO - DAG(s) 'produce_json' retrieved from /opt/airflow/dags/main.py
[2026-03-08T04:41:13.544+0000] {logging_mixin.py:188} INFO - [2026-03-08T04:41:13.544+0000] {dag.py:3096} INFO - Sync 1 DAGs
[2026-03-08T04:41:13.557+0000] {logging_mixin.py:188} INFO - [2026-03-08T04:41:13.557+0000] {dag.py:3954} INFO - Setting next_dagrun for produce_json to 2026-03-07 05:00:00+00:00, run_after=2026-03-08 05:00:00+00:00
[2026-03-08T04:41:13.566+0000] {processor.py:183} INFO - Processing /opt/airflow/dags/main.py took 0.062 seconds
