[2026-03-08T04:40:08.915+0000] {local_task_job_runner.py:120} INFO - ::group::Pre task execution logs
[2026-03-08T04:40:08.949+0000] {taskinstance.py:2076} INFO - Dependencies all met for dep_context=non-requeueable deps ti=<TaskInstance: produce_json.extract_video_data manual__2026-03-08T04:38:59.062511+00:00 [queued]>
[2026-03-08T04:40:08.961+0000] {taskinstance.py:2076} INFO - Dependencies all met for dep_context=requeueable deps ti=<TaskInstance: produce_json.extract_video_data manual__2026-03-08T04:38:59.062511+00:00 [queued]>
[2026-03-08T04:40:08.962+0000] {taskinstance.py:2306} INFO - Starting attempt 1 of 1
[2026-03-08T04:40:08.968+0000] {taskinstance.py:2330} INFO - Executing <Task(_PythonDecoratedOperator): extract_video_data> on 2026-03-08 04:38:59.062511+00:00
[2026-03-08T04:40:08.970+0000] {standard_task_runner.py:63} INFO - Started process 81 to run task
[2026-03-08T04:40:08.972+0000] {standard_task_runner.py:90} INFO - Running: ['airflow', 'tasks', 'run', 'produce_json', 'extract_video_data', 'manual__2026-03-08T04:38:59.062511+00:00', '--job-id', '18', '--raw', '--subdir', 'DAGS_FOLDER/main.py', '--cfg-path', '/tmp/tmp9jbj2uyp']
[2026-03-08T04:40:08.973+0000] {standard_task_runner.py:91} INFO - Job 18: Subtask extract_video_data
[2026-03-08T04:40:08.994+0000] {task_command.py:426} INFO - Running <TaskInstance: produce_json.extract_video_data manual__2026-03-08T04:38:59.062511+00:00 [running]> on host 09e383d239be
[2026-03-08T04:40:09.036+0000] {taskinstance.py:2648} INFO - Exporting env vars: AIRFLOW_CTX_DAG_OWNER='airflow' AIRFLOW_CTX_DAG_ID='produce_json' AIRFLOW_CTX_TASK_ID='extract_video_data' AIRFLOW_CTX_EXECUTION_DATE='2026-03-08T04:38:59.062511+00:00' AIRFLOW_CTX_TRY_NUMBER='1' AIRFLOW_CTX_DAG_RUN_ID='manual__2026-03-08T04:38:59.062511+00:00'
[2026-03-08T04:40:09.036+0000] {taskinstance.py:430} INFO - ::endgroup::
[2026-03-08T04:40:09.406+0000] {taskinstance.py:441} INFO - ::group::Post task execution logs
[2026-03-08T04:40:09.407+0000] {taskinstance.py:2905} ERROR - Task failed with exception
Traceback (most recent call last):
  File "/home/airflow/.local/lib/python3.10/site-packages/airflow/models/taskinstance.py", line 465, in _execute_task
    result = _execute_callable(context=context, **execute_callable_kwargs)
  File "/home/airflow/.local/lib/python3.10/site-packages/airflow/models/taskinstance.py", line 432, in _execute_callable
    return execute_callable(context=context, **execute_callable_kwargs)
  File "/home/airflow/.local/lib/python3.10/site-packages/airflow/models/baseoperator.py", line 401, in wrapper
    return func(self, *args, **kwargs)
  File "/home/airflow/.local/lib/python3.10/site-packages/airflow/decorators/base.py", line 265, in execute
    return_value = super().execute(context)
  File "/home/airflow/.local/lib/python3.10/site-packages/airflow/models/baseoperator.py", line 401, in wrapper
    return func(self, *args, **kwargs)
  File "/home/airflow/.local/lib/python3.10/site-packages/airflow/operators/python.py", line 235, in execute
    return_value = self.execute_callable()
  File "/home/airflow/.local/lib/python3.10/site-packages/airflow/operators/python.py", line 252, in execute_callable
    return self.python_callable(*self.op_args, **self.op_kwargs)
  File "/opt/airflow/dags/api/video_status.py", line 80, in extract_video_data
    for item in data.get("items",[]):
NameError: name 'data' is not defined
[2026-03-08T04:40:09.419+0000] {taskinstance.py:1206} INFO - Marking task as FAILED. dag_id=produce_json, task_id=extract_video_data, run_id=manual__2026-03-08T04:38:59.062511+00:00, execution_date=20260308T043859, start_date=20260308T044008, end_date=20260308T044009
[2026-03-08T04:40:09.427+0000] {standard_task_runner.py:110} ERROR - Failed to execute job 18 for task extract_video_data (name 'data' is not defined; 81)
[2026-03-08T04:40:09.489+0000] {local_task_job_runner.py:240} INFO - Task exited with return code 1
[2026-03-08T04:40:09.502+0000] {taskinstance.py:3503} INFO - 0 downstream tasks scheduled from follow-on schedule check
[2026-03-08T04:40:09.504+0000] {local_task_job_runner.py:222} INFO - ::endgroup::
